<?xml version="1.0" encoding="UTF-8"?>
<coverage generated="1599485699786" clover="3.2.0">
  <project timestamp="1599485699786" name="All files">
    <metrics statements="419" coveredstatements="286" conditionals="304" coveredconditionals="131" methods="88" coveredmethods="67" elements="811" coveredelements="484" complexity="0" loc="419" ncloc="419" packages="2" files="12" classes="12"/>
    <package name="chess">
      <metrics statements="179" coveredstatements="167" conditionals="96" coveredconditionals="91" methods="42" coveredmethods="36"/>
      <file name="checkingHelpers.ts" path="/Users/pjmotz/GitHub/github-pages/src/lib/games/chess/checkingHelpers.ts">
        <metrics statements="82" coveredstatements="82" conditionals="52" coveredconditionals="52" methods="16" coveredmethods="16"/>
        <line num="4" count="3" type="stmt"/>
        <line num="5" count="22" type="stmt"/>
        <line num="6" count="22" type="stmt"/>
        <line num="12" count="3" type="stmt"/>
        <line num="13" count="2" type="stmt"/>
        <line num="16" count="3" type="stmt"/>
        <line num="21" count="10" type="stmt"/>
        <line num="22" count="10" type="stmt"/>
        <line num="24" count="10" type="stmt"/>
        <line num="25" count="99" type="stmt"/>
        <line num="26" count="68" type="cond" truecount="4" falsecount="0"/>
        <line num="27" count="28" type="cond" truecount="2" falsecount="0"/>
        <line num="28" count="188" type="cond" truecount="2" falsecount="0"/>
        <line num="30" count="8" type="stmt"/>
        <line num="36" count="10" type="stmt"/>
        <line num="39" count="3" type="stmt"/>
        <line num="40" count="15" type="stmt"/>
        <line num="41" count="15" type="stmt"/>
        <line num="43" count="15" type="stmt"/>
        <line num="44" count="15" type="stmt"/>
        <line num="46" count="15" type="cond" truecount="5" falsecount="0"/>
        <line num="47" count="1" type="stmt"/>
        <line num="50" count="14" type="stmt"/>
        <line num="52" count="14" type="stmt"/>
        <line num="57" count="14" type="stmt"/>
        <line num="58" count="14" type="stmt"/>
        <line num="59" count="14" type="stmt"/>
        <line num="61" count="14" type="stmt"/>
        <line num="62" count="38" type="stmt"/>
        <line num="63" count="38" type="stmt"/>
        <line num="64" count="38" type="stmt"/>
        <line num="67" count="14" type="cond" truecount="2" falsecount="0"/>
        <line num="68" count="5" type="stmt"/>
        <line num="71" count="14" type="stmt"/>
        <line num="74" count="3" type="stmt"/>
        <line num="75" count="427" type="cond" truecount="2" falsecount="0"/>
        <line num="78" count="3" type="stmt"/>
        <line num="79" count="7" type="stmt"/>
        <line num="80" count="17" type="stmt"/>
        <line num="81" count="62" type="cond" truecount="2" falsecount="0"/>
        <line num="86" count="3" type="stmt"/>
        <line num="93" count="12" type="cond" truecount="2" falsecount="0"/>
        <line num="94" count="1" type="stmt"/>
        <line num="97" count="11" type="cond" truecount="2" falsecount="0"/>
        <line num="98" count="1" type="stmt"/>
        <line num="104" count="10" type="stmt"/>
        <line num="105" count="10" type="stmt"/>
        <line num="107" count="10" type="cond" truecount="2" falsecount="0"/>
        <line num="108" count="7" type="stmt"/>
        <line num="110" count="7" type="stmt"/>
        <line num="111" count="7" type="stmt"/>
        <line num="113" count="7" type="cond" truecount="2" falsecount="0"/>
        <line num="120" count="7" type="stmt"/>
        <line num="121" count="30" type="cond" truecount="2" falsecount="0"/>
        <line num="123" count="7" type="cond" truecount="2" falsecount="0"/>
        <line num="124" count="2" type="stmt"/>
        <line num="128" count="7" type="cond" truecount="4" falsecount="0"/>
        <line num="129" count="2" type="stmt"/>
        <line num="131" count="2" type="stmt"/>
        <line num="133" count="2" type="stmt"/>
        <line num="134" count="14" type="stmt"/>
        <line num="135" count="27" type="cond" truecount="2" falsecount="0"/>
        <line num="139" count="2" type="cond" truecount="2" falsecount="0"/>
        <line num="140" count="1" type="stmt"/>
        <line num="145" count="10" type="cond" truecount="2" falsecount="0"/>
        <line num="146" count="4" type="stmt"/>
        <line num="147" count="6" type="cond" truecount="5" falsecount="0"/>
        <line num="148" count="3" type="stmt"/>
        <line num="151" count="3" type="stmt"/>
        <line num="154" count="4" type="stmt"/>
        <line num="159" count="4" type="stmt"/>
        <line num="162" count="10" type="stmt"/>
        <line num="165" count="3" type="stmt"/>
        <line num="170" count="3" type="stmt"/>
        <line num="172" count="3" type="cond" truecount="2" falsecount="0"/>
        <line num="173" count="1" type="stmt"/>
        <line num="176" count="2" type="stmt"/>
        <line num="177" count="15" type="cond" truecount="2" falsecount="0"/>
        <line num="178" count="9" type="stmt"/>
        <line num="179" count="5" type="cond" truecount="2" falsecount="0"/>
        <line num="186" count="1" type="stmt"/>
        <line num="192" count="1" type="stmt"/>
      </file>
      <file name="drawHelpers.ts" path="/Users/pjmotz/GitHub/github-pages/src/lib/games/chess/drawHelpers.ts">
        <metrics statements="35" coveredstatements="35" conditionals="25" coveredconditionals="25" methods="12" coveredmethods="12"/>
        <line num="5" count="1" type="stmt"/>
        <line num="6" count="3" type="stmt"/>
        <line num="8" count="3" type="cond" truecount="2" falsecount="0"/>
        <line num="9" count="1" type="stmt"/>
        <line num="12" count="2" type="stmt"/>
        <line num="13" count="6" type="cond" truecount="2" falsecount="0"/>
        <line num="14" count="3" type="stmt"/>
        <line num="15" count="2" type="cond" truecount="2" falsecount="0"/>
        <line num="16" count="1" type="stmt"/>
        <line num="22" count="1" type="stmt"/>
        <line num="25" count="1" type="stmt"/>
        <line num="26" count="9" type="stmt"/>
        <line num="27" count="32" type="cond" truecount="2" falsecount="0"/>
        <line num="30" count="1" type="stmt"/>
        <line num="31" count="8" type="stmt"/>
        <line num="32" count="15" type="cond" truecount="2" falsecount="0"/>
        <line num="35" count="1" type="stmt"/>
        <line num="36" count="7" type="stmt"/>
        <line num="38" count="7" type="stmt"/>
        <line num="39" count="8" type="cond" truecount="2" falsecount="0"/>
        <line num="40" count="4" type="stmt"/>
        <line num="44" count="3" type="stmt"/>
        <line num="47" count="1" type="stmt"/>
        <line num="48" count="7" type="stmt"/>
        <line num="49" count="12" type="cond" truecount="3" falsecount="0"/>
        <line num="52" count="1" type="stmt"/>
        <line num="53" count="5" type="stmt"/>
        <line num="54" count="9" type="cond" truecount="4" falsecount="0"/>
        <line num="58" count="5" type="cond" truecount="4" falsecount="0"/>
        <line num="63" count="1" type="stmt"/>
        <line num="64" count="1" type="stmt"/>
        <line num="66" count="1" type="stmt"/>
        <line num="67" count="8" type="stmt"/>
        <line num="68" count="64" type="cond" truecount="2" falsecount="0"/>
        <line num="72" count="1" type="stmt"/>
      </file>
      <file name="helpers.ts" path="/Users/pjmotz/GitHub/github-pages/src/lib/games/chess/helpers.ts">
        <metrics statements="62" coveredstatements="50" conditionals="19" coveredconditionals="14" methods="14" coveredmethods="8"/>
        <line num="10" count="3" type="stmt"/>
        <line num="11" count="222" type="cond" truecount="4" falsecount="0"/>
        <line num="19" count="3" type="stmt"/>
        <line num="20" count="8" type="cond" truecount="2" falsecount="0"/>
        <line num="23" count="3" type="stmt"/>
        <line num="33" count="3" type="stmt"/>
        <line num="34" count="207" type="stmt"/>
        <line num="42" count="3" type="stmt"/>
        <line num="43" count="0" type="stmt"/>
        <line num="52" count="0" type="stmt"/>
        <line num="62" count="3" type="stmt"/>
        <line num="63" count="16" type="cond" truecount="1" falsecount="1"/>
        <line num="64" count="0" type="stmt"/>
        <line num="67" count="16" type="stmt"/>
        <line num="70" count="3" type="stmt"/>
        <line num="71" count="10" type="stmt"/>
        <line num="73" count="10" type="stmt"/>
        <line num="74" count="10" type="stmt"/>
        <line num="75" count="189" type="stmt"/>
        <line num="76" count="189" type="cond" truecount="2" falsecount="0"/>
        <line num="77" count="173" type="stmt"/>
        <line num="80" count="189" type="stmt"/>
        <line num="83" count="10" type="stmt"/>
        <line num="86" count="3" type="stmt"/>
        <line num="87" count="8" type="stmt"/>
        <line num="88" count="8" type="stmt"/>
        <line num="89" count="82" type="cond" truecount="4" falsecount="0"/>
        <line num="90" count="42" type="stmt"/>
        <line num="91" count="20" type="stmt"/>
        <line num="96" count="8" type="stmt"/>
        <line num="99" count="3" type="stmt"/>
        <line num="119" count="3" type="stmt"/>
        <line num="123" count="3" type="cond" truecount="1" falsecount="0"/>
        <line num="124" count="20" type="stmt"/>
        <line num="133" count="20" type="stmt"/>
        <line num="134" count="20" type="stmt"/>
        <line num="135" count="20" type="stmt"/>
        <line num="138" count="20" type="stmt"/>
        <line num="139" count="160" type="stmt"/>
        <line num="141" count="20" type="stmt"/>
        <line num="142" count="240" type="stmt"/>
        <line num="145" count="20" type="stmt"/>
        <line num="146" count="207" type="stmt"/>
        <line num="147" count="207" type="stmt"/>
        <line num="149" count="207" type="stmt"/>
        <line num="150" count="337" type="stmt"/>
        <line num="152" count="337" type="stmt"/>
        <line num="154" count="337" type="stmt"/>
        <line num="155" count="337" type="stmt"/>
        <line num="159" count="20" type="stmt"/>
        <line num="166" count="3" type="stmt"/>
        <line num="167" count="0" type="cond" truecount="0" falsecount="2"/>
        <line num="169" count="0" type="cond" truecount="0" falsecount="2"/>
        <line num="170" count="0" type="stmt"/>
        <line num="173" count="0" type="stmt"/>
        <line num="179" count="3" type="stmt"/>
        <line num="180" count="0" type="stmt"/>
        <line num="182" count="0" type="stmt"/>
        <line num="185" count="3" type="stmt"/>
        <line num="187" count="0" type="stmt"/>
        <line num="196" count="0" type="stmt"/>
        <line num="198" count="0" type="stmt"/>
      </file>
    </package>
    <package name="chess.pieces">
      <metrics statements="240" coveredstatements="119" conditionals="208" coveredconditionals="40" methods="46" coveredmethods="31"/>
      <file name="bishop.ts" path="/Users/pjmotz/GitHub/github-pages/src/lib/games/chess/pieces/bishop.ts">
        <metrics statements="5" coveredstatements="4" conditionals="0" coveredconditionals="0" methods="3" coveredmethods="2"/>
        <line num="10" count="58" type="stmt"/>
        <line num="11" count="58" type="stmt"/>
        <line num="17" count="58" type="stmt"/>
        <line num="26" count="0" type="stmt"/>
        <line num="35" count="5" type="stmt"/>
      </file>
      <file name="index.ts" path="/Users/pjmotz/GitHub/github-pages/src/lib/games/chess/pieces/index.ts">
        <metrics statements="0" coveredstatements="0" conditionals="0" coveredconditionals="0" methods="0" coveredmethods="0"/>
      </file>
      <file name="king.ts" path="/Users/pjmotz/GitHub/github-pages/src/lib/games/chess/pieces/king.ts">
        <metrics statements="33" coveredstatements="30" conditionals="32" coveredconditionals="20" methods="7" coveredmethods="6"/>
        <line num="23" count="80" type="stmt"/>
        <line num="24" count="80" type="cond" truecount="2" falsecount="0"/>
        <line num="25" count="80" type="stmt"/>
        <line num="35" count="16" type="stmt"/>
        <line num="57" count="9" type="cond" truecount="2" falsecount="0"/>
        <line num="58" count="1" type="stmt"/>
        <line num="61" count="8" type="stmt"/>
        <line num="62" count="8" type="stmt"/>
        <line num="63" count="8" type="stmt"/>
        <line num="65" count="8" type="stmt"/>
        <line num="66" count="8" type="stmt"/>
        <line num="67" count="8" type="stmt"/>
        <line num="68" count="8" type="stmt"/>
        <line num="70" count="8" type="stmt"/>
        <line num="72" count="64" type="cond" truecount="2" falsecount="0"/>
        <line num="73" count="32" type="stmt"/>
        <line num="76" count="32" type="stmt"/>
        <line num="78" count="32" type="cond" truecount="3" falsecount="0"/>
        <line num="82" count="8" type="stmt"/>
        <line num="83" count="8" type="stmt"/>
        <line num="86" count="8" type="cond" truecount="9" falsecount="3"/>
        <line num="89" count="0" type="stmt"/>
        <line num="92" count="8" type="stmt"/>
        <line num="95" count="8" type="cond" truecount="2" falsecount="9"/>
        <line num="98" count="0" type="stmt"/>
        <line num="101" count="8" type="stmt"/>
        <line num="109" count="8" type="stmt"/>
        <line num="110" count="8" type="stmt"/>
        <line num="111" count="8" type="stmt"/>
        <line num="114" count="8" type="stmt"/>
        <line num="116" count="8" type="stmt"/>
        <line num="123" count="8" type="stmt"/>
        <line num="130" count="0" type="stmt"/>
      </file>
      <file name="knight.ts" path="/Users/pjmotz/GitHub/github-pages/src/lib/games/chess/pieces/knight.ts">
        <metrics statements="20" coveredstatements="8" conditionals="6" coveredconditionals="0" methods="5" coveredmethods="3"/>
        <line num="9" count="44" type="stmt"/>
        <line num="10" count="44" type="stmt"/>
        <line num="20" count="9" type="stmt"/>
        <line num="35" count="0" type="cond" truecount="0" falsecount="2"/>
        <line num="36" count="0" type="stmt"/>
        <line num="39" count="0" type="stmt"/>
        <line num="40" count="0" type="stmt"/>
        <line num="41" count="0" type="stmt"/>
        <line num="42" count="0" type="stmt"/>
        <line num="45" count="0" type="stmt"/>
        <line num="47" count="0" type="cond" truecount="0" falsecount="2"/>
        <line num="48" count="0" type="stmt"/>
        <line num="51" count="0" type="stmt"/>
        <line num="52" count="0" type="cond" truecount="0" falsecount="2"/>
        <line num="55" count="0" type="stmt"/>
        <line num="63" count="9" type="stmt"/>
        <line num="64" count="9" type="stmt"/>
        <line num="65" count="9" type="stmt"/>
        <line num="67" count="9" type="stmt"/>
        <line num="69" count="9" type="stmt"/>
      </file>
      <file name="pawn.ts" path="/Users/pjmotz/GitHub/github-pages/src/lib/games/chess/pieces/pawn.ts">
        <metrics statements="70" coveredstatements="9" conditionals="94" coveredconditionals="1" methods="5" coveredmethods="2"/>
        <line num="10" count="152" type="stmt"/>
        <line num="11" count="152" type="stmt"/>
        <line num="12" count="152" type="stmt"/>
        <line num="19" count="0" type="stmt"/>
        <line num="26" count="0" type="stmt"/>
        <line num="35" count="0" type="stmt"/>
        <line num="36" count="0" type="stmt"/>
        <line num="37" count="0" type="stmt"/>
        <line num="38" count="0" type="stmt"/>
        <line num="39" count="0" type="stmt"/>
        <line num="40" count="0" type="stmt"/>
        <line num="41" count="0" type="stmt"/>
        <line num="44" count="0" type="stmt"/>
        <line num="45" count="0" type="cond" truecount="0" falsecount="2"/>
        <line num="46" count="0" type="stmt"/>
        <line num="49" count="0" type="cond" truecount="0" falsecount="2"/>
        <line num="50" count="0" type="cond" truecount="0" falsecount="2"/>
        <line num="53" count="0" type="stmt"/>
        <line num="56" count="0" type="stmt"/>
        <line num="60" count="0" type="cond" truecount="0" falsecount="2"/>
        <line num="61" count="0" type="stmt"/>
        <line num="64" count="0" type="stmt"/>
        <line num="70" count="0" type="cond" truecount="0" falsecount="2"/>
        <line num="71" count="0" type="cond" truecount="0" falsecount="5"/>
        <line num="72" count="0" type="stmt"/>
        <line num="76" count="0" type="cond" truecount="0" falsecount="2"/>
        <line num="77" count="0" type="cond" truecount="0" falsecount="2"/>
        <line num="78" count="0" type="stmt"/>
        <line num="84" count="0" type="stmt"/>
        <line num="85" count="0" type="cond" truecount="0" falsecount="7"/>
        <line num="86" count="0" type="stmt"/>
        <line num="88" count="0" type="stmt"/>
        <line num="89" count="0" type="cond" truecount="0" falsecount="7"/>
        <line num="90" count="0" type="stmt"/>
        <line num="94" count="0" type="cond" truecount="0" falsecount="2"/>
        <line num="95" count="0" type="cond" truecount="0" falsecount="2"/>
        <line num="96" count="0" type="stmt"/>
        <line num="97" count="0" type="cond" truecount="0" falsecount="6"/>
        <line num="98" count="0" type="stmt"/>
        <line num="101" count="0" type="cond" truecount="0" falsecount="2"/>
        <line num="102" count="0" type="stmt"/>
        <line num="103" count="0" type="cond" truecount="0" falsecount="6"/>
        <line num="104" count="0" type="stmt"/>
        <line num="112" count="0" type="cond" truecount="0" falsecount="5"/>
        <line num="113" count="0" type="stmt"/>
        <line num="117" count="0" type="cond" truecount="0" falsecount="2"/>
        <line num="118" count="0" type="cond" truecount="0" falsecount="2"/>
        <line num="119" count="0" type="stmt"/>
        <line num="125" count="0" type="stmt"/>
        <line num="126" count="0" type="cond" truecount="0" falsecount="7"/>
        <line num="127" count="0" type="stmt"/>
        <line num="129" count="0" type="stmt"/>
        <line num="130" count="0" type="cond" truecount="0" falsecount="7"/>
        <line num="131" count="0" type="stmt"/>
        <line num="135" count="0" type="cond" truecount="0" falsecount="2"/>
        <line num="136" count="0" type="cond" truecount="0" falsecount="2"/>
        <line num="137" count="0" type="stmt"/>
        <line num="138" count="0" type="cond" truecount="0" falsecount="6"/>
        <line num="139" count="0" type="stmt"/>
        <line num="142" count="0" type="cond" truecount="0" falsecount="2"/>
        <line num="143" count="0" type="stmt"/>
        <line num="144" count="0" type="cond" truecount="0" falsecount="6"/>
        <line num="145" count="0" type="stmt"/>
        <line num="151" count="0" type="stmt"/>
        <line num="159" count="11" type="stmt"/>
        <line num="160" count="11" type="stmt"/>
        <line num="161" count="11" type="stmt"/>
        <line num="162" count="11" type="cond" truecount="1" falsecount="1"/>
        <line num="166" count="11" type="stmt"/>
        <line num="168" count="11" type="stmt"/>
      </file>
      <file name="piece.ts" path="/Users/pjmotz/GitHub/github-pages/src/lib/games/chess/pieces/piece.ts">
        <metrics statements="66" coveredstatements="31" conditionals="56" coveredconditionals="8" methods="14" coveredmethods="8"/>
        <line num="20" count="407" type="stmt"/>
        <line num="21" count="407" type="stmt"/>
        <line num="22" count="407" type="stmt"/>
        <line num="23" count="407" type="stmt"/>
        <line num="24" count="407" type="stmt"/>
        <line num="25" count="407" type="stmt"/>
        <line num="33" count="107" type="stmt"/>
        <line num="41" count="0" type="cond" truecount="0" falsecount="4"/>
        <line num="42" count="0" type="stmt"/>
        <line num="51" count="125" type="stmt"/>
        <line num="59" count="0" type="cond" truecount="0" falsecount="4"/>
        <line num="60" count="0" type="stmt"/>
        <line num="70" count="125" type="stmt"/>
        <line num="78" count="0" type="cond" truecount="0" falsecount="4"/>
        <line num="79" count="0" type="stmt"/>
        <line num="88" count="8" type="stmt"/>
        <line num="96" count="0" type="stmt"/>
        <line num="104" count="0" type="stmt"/>
        <line num="112" count="0" type="stmt"/>
        <line num="120" count="33" type="stmt"/>
        <line num="136" count="1" type="stmt"/>
        <line num="137" count="1" type="stmt"/>
        <line num="138" count="1" type="stmt"/>
        <line num="139" count="1" type="cond" truecount="1" falsecount="1"/>
        <line num="140" count="0" type="stmt"/>
        <line num="142" count="1" type="stmt"/>
        <line num="143" count="1" type="cond" truecount="1" falsecount="1"/>
        <line num="144" count="0" type="stmt"/>
        <line num="146" count="1" type="stmt"/>
        <line num="152" count="1" type="stmt"/>
        <line num="153" count="8" type="stmt"/>
        <line num="154" count="8" type="cond" truecount="4" falsecount="0"/>
        <line num="155" count="23" type="stmt"/>
        <line num="156" count="23" type="stmt"/>
        <line num="157" count="23" type="stmt"/>
        <line num="158" count="23" type="cond" truecount="1" falsecount="1"/>
        <line num="159" count="0" type="cond" truecount="0" falsecount="4"/>
        <line num="160" count="0" type="stmt"/>
        <line num="163" count="0" type="stmt"/>
        <line num="167" count="8" type="stmt"/>
        <line num="168" count="8" type="stmt"/>
        <line num="171" count="1" type="stmt"/>
        <line num="179" count="1" type="stmt"/>
        <line num="180" count="1" type="cond" truecount="1" falsecount="1"/>
        <line num="181" count="1" type="stmt"/>
        <line num="185" count="0" type="stmt"/>
        <line num="186" count="0" type="stmt"/>
        <line num="187" count="0" type="cond" truecount="0" falsecount="2"/>
        <line num="188" count="0" type="cond" truecount="0" falsecount="2"/>
        <line num="191" count="0" type="cond" truecount="0" falsecount="2"/>
        <line num="192" count="0" type="cond" truecount="0" falsecount="4"/>
        <line num="193" count="0" type="stmt"/>
        <line num="194" count="0" type="stmt"/>
        <line num="195" count="0" type="stmt"/>
        <line num="196" count="0" type="cond" truecount="0" falsecount="2"/>
        <line num="197" count="0" type="cond" truecount="0" falsecount="5"/>
        <line num="198" count="0" type="stmt"/>
        <line num="201" count="0" type="stmt"/>
        <line num="209" count="0" type="cond" truecount="0" falsecount="4"/>
        <line num="210" count="0" type="stmt"/>
        <line num="211" count="0" type="stmt"/>
        <line num="212" count="0" type="stmt"/>
        <line num="213" count="0" type="cond" truecount="0" falsecount="2"/>
        <line num="214" count="0" type="cond" truecount="0" falsecount="5"/>
        <line num="215" count="0" type="stmt"/>
        <line num="218" count="0" type="stmt"/>
      </file>
      <file name="queen.ts" path="/Users/pjmotz/GitHub/github-pages/src/lib/games/chess/pieces/queen.ts">
        <metrics statements="5" coveredstatements="4" conditionals="0" coveredconditionals="0" methods="3" coveredmethods="2"/>
        <line num="10" count="26" type="stmt"/>
        <line num="11" count="26" type="stmt"/>
        <line num="21" count="26" type="stmt"/>
        <line num="30" count="0" type="stmt"/>
        <line num="39" count="9" type="stmt"/>
      </file>
      <file name="rangedPiece.ts" path="/Users/pjmotz/GitHub/github-pages/src/lib/games/chess/pieces/rangedPiece.ts">
        <metrics statements="33" coveredstatements="26" conditionals="18" coveredconditionals="9" methods="4" coveredmethods="4"/>
        <line num="6" count="131" type="stmt"/>
        <line num="21" count="1" type="stmt"/>
        <line num="23" count="1" type="stmt"/>
        <line num="24" count="1" type="stmt"/>
        <line num="26" count="1" type="stmt"/>
        <line num="28" count="1" type="cond" truecount="1" falsecount="1"/>
        <line num="29" count="1" type="stmt"/>
        <line num="30" count="4" type="stmt"/>
        <line num="33" count="1" type="stmt"/>
        <line num="36" count="0" type="stmt"/>
        <line num="37" count="0" type="stmt"/>
        <line num="38" count="0" type="stmt"/>
        <line num="40" count="0" type="stmt"/>
        <line num="41" count="0" type="cond" truecount="0" falsecount="6"/>
        <line num="43" count="0" type="stmt"/>
        <line num="47" count="0" type="stmt"/>
        <line num="61" count="140" type="stmt"/>
        <line num="62" count="140" type="cond" truecount="4" falsecount="0"/>
        <line num="63" count="358" type="stmt"/>
        <line num="64" count="358" type="stmt"/>
        <line num="65" count="358" type="stmt"/>
        <line num="66" count="358" type="cond" truecount="2" falsecount="0"/>
        <line num="67" count="34" type="cond" truecount="2" falsecount="2"/>
        <line num="68" count="34" type="stmt"/>
        <line num="70" count="34" type="stmt"/>
        <line num="72" count="324" type="stmt"/>
        <line num="75" count="140" type="stmt"/>
        <line num="85" count="25" type="stmt"/>
        <line num="87" count="25" type="stmt"/>
        <line num="88" count="25" type="stmt"/>
        <line num="90" count="25" type="stmt"/>
        <line num="91" count="136" type="stmt"/>
        <line num="94" count="25" type="stmt"/>
      </file>
      <file name="rook.ts" path="/Users/pjmotz/GitHub/github-pages/src/lib/games/chess/pieces/rook.ts">
        <metrics statements="8" coveredstatements="7" conditionals="2" coveredconditionals="2" methods="5" coveredmethods="4"/>
        <line num="11" count="47" type="stmt"/>
        <line num="12" count="47" type="stmt"/>
        <line num="18" count="47" type="cond" truecount="2" falsecount="0"/>
        <line num="19" count="47" type="stmt"/>
        <line num="26" count="4" type="stmt"/>
        <line num="33" count="0" type="stmt"/>
        <line num="42" count="1" type="stmt"/>
        <line num="51" count="11" type="stmt"/>
      </file>
    </package>
  </project>
</coverage>
