{"/Users/pjmotz/GitHub/github-pages/src/lib/games/chess/checkingHelpers.ts": {"path":"/Users/pjmotz/GitHub/github-pages/src/lib/games/chess/checkingHelpers.ts","statementMap":{"0":{"start":{"line":4,"column":31},"end":{"line":10,"column":1}},"1":{"start":{"line":5,"column":18},"end":{"line":5,"column":43}},"2":{"start":{"line":6,"column":1},"end":{"line":9,"column":3}},"3":{"start":{"line":12,"column":23},"end":{"line":14,"column":1}},"4":{"start":{"line":13,"column":1},"end":{"line":13,"column":37}},"5":{"start":{"line":16,"column":33},"end":{"line":37,"column":1}},"6":{"start":{"line":21,"column":33},"end":{"line":21,"column":35}},"7":{"start":{"line":22,"column":22},"end":{"line":22,"column":55}},"8":{"start":{"line":24,"column":1},"end":{"line":34,"column":2}},"9":{"start":{"line":25,"column":2},"end":{"line":33,"column":3}},"10":{"start":{"line":26,"column":3},"end":{"line":32,"column":4}},"11":{"start":{"line":27,"column":4},"end":{"line":31,"column":5}},"12":{"start":{"line":28,"column":5},"end":{"line":28,"column":71}},"13":{"start":{"line":30,"column":5},"end":{"line":30,"column":32}},"14":{"start":{"line":36,"column":1},"end":{"line":36,"column":23}},"15":{"start":{"line":39,"column":31},"end":{"line":72,"column":1}},"16":{"start":{"line":40,"column":24},"end":{"line":40,"column":70}},"17":{"start":{"line":41,"column":24},"end":{"line":41,"column":70}},"18":{"start":{"line":43,"column":32},"end":{"line":43,"column":56}},"19":{"start":{"line":44,"column":32},"end":{"line":44,"column":56}},"20":{"start":{"line":46,"column":1},"end":{"line":48,"column":2}},"21":{"start":{"line":47,"column":2},"end":{"line":47,"column":40}},"22":{"start":{"line":50,"column":23},"end":{"line":50,"column":79}},"23":{"start":{"line":52,"column":24},"end":{"line":55,"column":2}},"24":{"start":{"line":57,"column":14},"end":{"line":57,"column":16}},"25":{"start":{"line":58,"column":16},"end":{"line":58,"column":42}},"26":{"start":{"line":59,"column":16},"end":{"line":59,"column":42}},"27":{"start":{"line":61,"column":1},"end":{"line":65,"column":2}},"28":{"start":{"line":61,"column":14},"end":{"line":61,"column":15}},"29":{"start":{"line":62,"column":2},"end":{"line":62,"column":34}},"30":{"start":{"line":63,"column":2},"end":{"line":63,"column":34}},"31":{"start":{"line":64,"column":2},"end":{"line":64,"column":36}},"32":{"start":{"line":67,"column":1},"end":{"line":69,"column":2}},"33":{"start":{"line":68,"column":2},"end":{"line":68,"column":88}},"34":{"start":{"line":71,"column":1},"end":{"line":71,"column":13}},"35":{"start":{"line":74,"column":32},"end":{"line":76,"column":1}},"36":{"start":{"line":75,"column":1},"end":{"line":75,"column":117}},"37":{"start":{"line":75,"column":49},"end":{"line":75,"column":115}},"38":{"start":{"line":78,"column":37},"end":{"line":84,"column":1}},"39":{"start":{"line":79,"column":1},"end":{"line":83,"column":4}},"40":{"start":{"line":80,"column":2},"end":{"line":82,"column":5}},"41":{"start":{"line":81,"column":3},"end":{"line":81,"column":73}},"42":{"start":{"line":86,"column":29},"end":{"line":163,"column":1}},"43":{"start":{"line":93,"column":1},"end":{"line":95,"column":2}},"44":{"start":{"line":94,"column":2},"end":{"line":94,"column":12}},"45":{"start":{"line":97,"column":1},"end":{"line":102,"column":2}},"46":{"start":{"line":98,"column":2},"end":{"line":101,"column":5}},"47":{"start":{"line":104,"column":20},"end":{"line":104,"column":22}},"48":{"start":{"line":105,"column":22},"end":{"line":105,"column":65}},"49":{"start":{"line":107,"column":1},"end":{"line":143,"column":2}},"50":{"start":{"line":108,"column":28},"end":{"line":108,"column":42}},"51":{"start":{"line":110,"column":28},"end":{"line":110,"column":46}},"52":{"start":{"line":111,"column":28},"end":{"line":111,"column":46}},"53":{"start":{"line":113,"column":39},"end":{"line":118,"column":51}},"54":{"start":{"line":120,"column":44},"end":{"line":122,"column":4}},"55":{"start":{"line":121,"column":3},"end":{"line":121,"column":77}},"56":{"start":{"line":123,"column":2},"end":{"line":125,"column":3}},"57":{"start":{"line":124,"column":3},"end":{"line":124,"column":32}},"58":{"start":{"line":128,"column":2},"end":{"line":142,"column":3}},"59":{"start":{"line":129,"column":35},"end":{"line":129,"column":92}},"60":{"start":{"line":131,"column":24},"end":{"line":131,"column":75}},"61":{"start":{"line":133,"column":19},"end":{"line":137,"column":5}},"62":{"start":{"line":134,"column":4},"end":{"line":136,"column":7}},"63":{"start":{"line":135,"column":5},"end":{"line":135,"column":99}},"64":{"start":{"line":139,"column":3},"end":{"line":141,"column":4}},"65":{"start":{"line":140,"column":4},"end":{"line":140,"column":32}},"66":{"start":{"line":145,"column":1},"end":{"line":160,"column":2}},"67":{"start":{"line":146,"column":24},"end":{"line":152,"column":11}},"68":{"start":{"line":147,"column":3},"end":{"line":149,"column":4}},"69":{"start":{"line":148,"column":4},"end":{"line":148,"column":69}},"70":{"start":{"line":151,"column":3},"end":{"line":151,"column":13}},"71":{"start":{"line":154,"column":20},"end":{"line":157,"column":4}},"72":{"start":{"line":159,"column":2},"end":{"line":159,"column":70}},"73":{"start":{"line":162,"column":1},"end":{"line":162,"column":19}},"74":{"start":{"line":165,"column":27},"end":{"line":193,"column":1}},"75":{"start":{"line":170,"column":24},"end":{"line":170,"column":86}},"76":{"start":{"line":172,"column":1},"end":{"line":174,"column":2}},"77":{"start":{"line":173,"column":2},"end":{"line":173,"column":15}},"78":{"start":{"line":176,"column":1},"end":{"line":190,"column":2}},"79":{"start":{"line":177,"column":2},"end":{"line":189,"column":3}},"80":{"start":{"line":178,"column":3},"end":{"line":188,"column":4}},"81":{"start":{"line":179,"column":4},"end":{"line":187,"column":5}},"82":{"start":{"line":186,"column":5},"end":{"line":186,"column":18}},"83":{"start":{"line":192,"column":1},"end":{"line":192,"column":13}}},"fnMap":{"0":{"name":"(anonymous_0)","decl":{"start":{"line":4,"column":31},"end":{"line":4,"column":32}},"loc":{"start":{"line":4,"column":95},"end":{"line":10,"column":1}},"line":4},"1":{"name":"(anonymous_1)","decl":{"start":{"line":12,"column":23},"end":{"line":12,"column":24}},"loc":{"start":{"line":12,"column":78},"end":{"line":14,"column":1}},"line":12},"2":{"name":"(anonymous_2)","decl":{"start":{"line":16,"column":33},"end":{"line":16,"column":34}},"loc":{"start":{"line":20,"column":14},"end":{"line":37,"column":1}},"line":20},"3":{"name":"(anonymous_3)","decl":{"start":{"line":27,"column":53},"end":{"line":27,"column":54}},"loc":{"start":{"line":28,"column":5},"end":{"line":28,"column":71}},"line":28},"4":{"name":"(anonymous_4)","decl":{"start":{"line":39,"column":31},"end":{"line":39,"column":32}},"loc":{"start":{"line":39,"column":143},"end":{"line":72,"column":1}},"line":39},"5":{"name":"(anonymous_5)","decl":{"start":{"line":74,"column":32},"end":{"line":74,"column":33}},"loc":{"start":{"line":74,"column":92},"end":{"line":76,"column":1}},"line":74},"6":{"name":"(anonymous_6)","decl":{"start":{"line":75,"column":31},"end":{"line":75,"column":32}},"loc":{"start":{"line":75,"column":49},"end":{"line":75,"column":115}},"line":75},"7":{"name":"(anonymous_7)","decl":{"start":{"line":78,"column":37},"end":{"line":78,"column":38}},"loc":{"start":{"line":78,"column":101},"end":{"line":84,"column":1}},"line":78},"8":{"name":"(anonymous_8)","decl":{"start":{"line":79,"column":21},"end":{"line":79,"column":22}},"loc":{"start":{"line":79,"column":29},"end":{"line":83,"column":2}},"line":79},"9":{"name":"(anonymous_9)","decl":{"start":{"line":80,"column":31},"end":{"line":80,"column":32}},"loc":{"start":{"line":80,"column":49},"end":{"line":82,"column":3}},"line":80},"10":{"name":"(anonymous_10)","decl":{"start":{"line":86,"column":29},"end":{"line":86,"column":30}},"loc":{"start":{"line":92,"column":38},"end":{"line":163,"column":1}},"line":92},"11":{"name":"(anonymous_11)","decl":{"start":{"line":120,"column":78},"end":{"line":120,"column":79}},"loc":{"start":{"line":120,"column":88},"end":{"line":122,"column":3}},"line":120},"12":{"name":"(anonymous_12)","decl":{"start":{"line":133,"column":50},"end":{"line":133,"column":51}},"loc":{"start":{"line":133,"column":69},"end":{"line":137,"column":4}},"line":133},"13":{"name":"(anonymous_13)","decl":{"start":{"line":134,"column":29},"end":{"line":134,"column":30}},"loc":{"start":{"line":134,"column":48},"end":{"line":136,"column":5}},"line":134},"14":{"name":"(anonymous_14)","decl":{"start":{"line":146,"column":43},"end":{"line":146,"column":44}},"loc":{"start":{"line":146,"column":60},"end":{"line":152,"column":3}},"line":146},"15":{"name":"(anonymous_15)","decl":{"start":{"line":165,"column":27},"end":{"line":165,"column":28}},"loc":{"start":{"line":169,"column":34},"end":{"line":193,"column":1}},"line":169}},"branchMap":{"0":{"loc":{"start":{"line":26,"column":3},"end":{"line":32,"column":4}},"type":"if","locations":[{"start":{"line":26,"column":3},"end":{"line":32,"column":4}},{"start":{"line":26,"column":3},"end":{"line":32,"column":4}}],"line":26},"1":{"loc":{"start":{"line":26,"column":7},"end":{"line":26,"column":56}},"type":"binary-expr","locations":[{"start":{"line":26,"column":7},"end":{"line":26,"column":31}},{"start":{"line":26,"column":35},"end":{"line":26,"column":56}}],"line":26},"2":{"loc":{"start":{"line":27,"column":4},"end":{"line":31,"column":5}},"type":"if","locations":[{"start":{"line":27,"column":4},"end":{"line":31,"column":5}},{"start":{"line":27,"column":4},"end":{"line":31,"column":5}}],"line":27},"3":{"loc":{"start":{"line":28,"column":5},"end":{"line":28,"column":71}},"type":"binary-expr","locations":[{"start":{"line":28,"column":5},"end":{"line":28,"column":36}},{"start":{"line":28,"column":40},"end":{"line":28,"column":71}}],"line":28},"4":{"loc":{"start":{"line":46,"column":1},"end":{"line":48,"column":2}},"type":"if","locations":[{"start":{"line":46,"column":1},"end":{"line":48,"column":2}},{"start":{"line":46,"column":1},"end":{"line":48,"column":2}}],"line":46},"5":{"loc":{"start":{"line":46,"column":5},"end":{"line":46,"column":122}},"type":"binary-expr","locations":[{"start":{"line":46,"column":5},"end":{"line":46,"column":33}},{"start":{"line":46,"column":37},"end":{"line":46,"column":65}},{"start":{"line":46,"column":69},"end":{"line":46,"column":122}}],"line":46},"6":{"loc":{"start":{"line":67,"column":1},"end":{"line":69,"column":2}},"type":"if","locations":[{"start":{"line":67,"column":1},"end":{"line":69,"column":2}},{"start":{"line":67,"column":1},"end":{"line":69,"column":2}}],"line":67},"7":{"loc":{"start":{"line":75,"column":49},"end":{"line":75,"column":115}},"type":"binary-expr","locations":[{"start":{"line":75,"column":49},"end":{"line":75,"column":80}},{"start":{"line":75,"column":84},"end":{"line":75,"column":115}}],"line":75},"8":{"loc":{"start":{"line":81,"column":10},"end":{"line":81,"column":72}},"type":"binary-expr","locations":[{"start":{"line":81,"column":10},"end":{"line":81,"column":39}},{"start":{"line":81,"column":43},"end":{"line":81,"column":72}}],"line":81},"9":{"loc":{"start":{"line":93,"column":1},"end":{"line":95,"column":2}},"type":"if","locations":[{"start":{"line":93,"column":1},"end":{"line":95,"column":2}},{"start":{"line":93,"column":1},"end":{"line":95,"column":2}}],"line":93},"10":{"loc":{"start":{"line":97,"column":1},"end":{"line":102,"column":2}},"type":"if","locations":[{"start":{"line":97,"column":1},"end":{"line":102,"column":2}},{"start":{"line":97,"column":1},"end":{"line":102,"column":2}}],"line":97},"11":{"loc":{"start":{"line":107,"column":1},"end":{"line":143,"column":2}},"type":"if","locations":[{"start":{"line":107,"column":1},"end":{"line":143,"column":2}},{"start":{"line":107,"column":1},"end":{"line":143,"column":2}}],"line":107},"12":{"loc":{"start":{"line":113,"column":39},"end":{"line":118,"column":51}},"type":"cond-expr","locations":[{"start":{"line":114,"column":5},"end":{"line":117,"column":5}},{"start":{"line":118,"column":5},"end":{"line":118,"column":51}}],"line":113},"13":{"loc":{"start":{"line":121,"column":10},"end":{"line":121,"column":76}},"type":"binary-expr","locations":[{"start":{"line":121,"column":10},"end":{"line":121,"column":41}},{"start":{"line":121,"column":45},"end":{"line":121,"column":76}}],"line":121},"14":{"loc":{"start":{"line":123,"column":2},"end":{"line":125,"column":3}},"type":"if","locations":[{"start":{"line":123,"column":2},"end":{"line":125,"column":3}},{"start":{"line":123,"column":2},"end":{"line":125,"column":3}}],"line":123},"15":{"loc":{"start":{"line":128,"column":2},"end":{"line":142,"column":3}},"type":"if","locations":[{"start":{"line":128,"column":2},"end":{"line":142,"column":3}},{"start":{"line":128,"column":2},"end":{"line":142,"column":3}}],"line":128},"16":{"loc":{"start":{"line":128,"column":6},"end":{"line":128,"column":76}},"type":"binary-expr","locations":[{"start":{"line":128,"column":6},"end":{"line":128,"column":40}},{"start":{"line":128,"column":44},"end":{"line":128,"column":76}}],"line":128},"17":{"loc":{"start":{"line":135,"column":12},"end":{"line":135,"column":98}},"type":"binary-expr","locations":[{"start":{"line":135,"column":12},"end":{"line":135,"column":53}},{"start":{"line":135,"column":57},"end":{"line":135,"column":98}}],"line":135},"18":{"loc":{"start":{"line":139,"column":3},"end":{"line":141,"column":4}},"type":"if","locations":[{"start":{"line":139,"column":3},"end":{"line":141,"column":4}},{"start":{"line":139,"column":3},"end":{"line":141,"column":4}}],"line":139},"19":{"loc":{"start":{"line":145,"column":1},"end":{"line":160,"column":2}},"type":"if","locations":[{"start":{"line":145,"column":1},"end":{"line":160,"column":2}},{"start":{"line":145,"column":1},"end":{"line":160,"column":2}}],"line":145},"20":{"loc":{"start":{"line":147,"column":3},"end":{"line":149,"column":4}},"type":"if","locations":[{"start":{"line":147,"column":3},"end":{"line":149,"column":4}},{"start":{"line":147,"column":3},"end":{"line":149,"column":4}}],"line":147},"21":{"loc":{"start":{"line":147,"column":7},"end":{"line":147,"column":105}},"type":"binary-expr","locations":[{"start":{"line":147,"column":7},"end":{"line":147,"column":38}},{"start":{"line":147,"column":42},"end":{"line":147,"column":71}},{"start":{"line":147,"column":75},"end":{"line":147,"column":105}}],"line":147},"22":{"loc":{"start":{"line":172,"column":1},"end":{"line":174,"column":2}},"type":"if","locations":[{"start":{"line":172,"column":1},"end":{"line":174,"column":2}},{"start":{"line":172,"column":1},"end":{"line":174,"column":2}}],"line":172},"23":{"loc":{"start":{"line":177,"column":2},"end":{"line":189,"column":3}},"type":"if","locations":[{"start":{"line":177,"column":2},"end":{"line":189,"column":3}},{"start":{"line":177,"column":2},"end":{"line":189,"column":3}}],"line":177},"24":{"loc":{"start":{"line":179,"column":4},"end":{"line":187,"column":5}},"type":"if","locations":[{"start":{"line":179,"column":4},"end":{"line":187,"column":5}},{"start":{"line":179,"column":4},"end":{"line":187,"column":5}}],"line":179}},"s":{"0":3,"1":22,"2":22,"3":3,"4":2,"5":3,"6":10,"7":10,"8":10,"9":99,"10":68,"11":28,"12":188,"13":8,"14":10,"15":3,"16":15,"17":15,"18":15,"19":15,"20":15,"21":1,"22":14,"23":14,"24":14,"25":14,"26":14,"27":14,"28":14,"29":38,"30":38,"31":38,"32":14,"33":5,"34":14,"35":3,"36":30,"37":427,"38":3,"39":7,"40":17,"41":62,"42":3,"43":12,"44":1,"45":11,"46":1,"47":10,"48":10,"49":10,"50":7,"51":7,"52":7,"53":7,"54":7,"55":30,"56":7,"57":2,"58":7,"59":2,"60":2,"61":2,"62":14,"63":27,"64":2,"65":1,"66":10,"67":4,"68":6,"69":3,"70":3,"71":4,"72":4,"73":10,"74":3,"75":3,"76":3,"77":1,"78":2,"79":15,"80":9,"81":5,"82":1,"83":1},"f":{"0":22,"1":2,"2":10,"3":188,"4":15,"5":30,"6":427,"7":7,"8":17,"9":62,"10":12,"11":30,"12":14,"13":27,"14":6,"15":3},"b":{"0":[28,40],"1":[68,48],"2":[8,20],"3":[188,23],"4":[1,14],"5":[15,12,8],"6":[5,9],"7":[427,65],"8":[62,7],"9":[1,11],"10":[1,10],"11":[7,3],"12":[2,5],"13":[30,6],"14":[2,5],"15":[2,5],"16":[7,2],"17":[27,8],"18":[1,1],"19":[4,6],"20":[3,3],"21":[6,5,3],"22":[1,2],"23":[9,6],"24":[1,4]},"_coverageSchema":"1a1c01bbd47fc00a2c39e90264f33305004495a9","hash":"f82940c347b9fbf83c1ddada3fe8e2ae553f1ebd"}
,"/Users/pjmotz/GitHub/github-pages/src/lib/games/chess/drawHelpers.ts": {"path":"/Users/pjmotz/GitHub/github-pages/src/lib/games/chess/drawHelpers.ts","statementMap":{"0":{"start":{"line":5,"column":27},"end":{"line":23,"column":1}},"1":{"start":{"line":6,"column":24},"end":{"line":6,"column":76}},"2":{"start":{"line":8,"column":1},"end":{"line":10,"column":2}},"3":{"start":{"line":9,"column":2},"end":{"line":9,"column":15}},"4":{"start":{"line":12,"column":1},"end":{"line":20,"column":2}},"5":{"start":{"line":13,"column":2},"end":{"line":19,"column":3}},"6":{"start":{"line":14,"column":3},"end":{"line":18,"column":4}},"7":{"start":{"line":15,"column":4},"end":{"line":17,"column":5}},"8":{"start":{"line":16,"column":5},"end":{"line":16,"column":18}},"9":{"start":{"line":22,"column":1},"end":{"line":22,"column":13}},"10":{"start":{"line":25,"column":30},"end":{"line":28,"column":1}},"11":{"start":{"line":26,"column":32},"end":{"line":26,"column":58}},"12":{"start":{"line":27,"column":1},"end":{"line":27,"column":106}},"13":{"start":{"line":27,"column":49},"end":{"line":27,"column":104}},"14":{"start":{"line":30,"column":24},"end":{"line":33,"column":1}},"15":{"start":{"line":31,"column":15},"end":{"line":31,"column":29}},"16":{"start":{"line":32,"column":1},"end":{"line":32,"column":89}},"17":{"start":{"line":32,"column":32},"end":{"line":32,"column":87}},"18":{"start":{"line":35,"column":45},"end":{"line":45,"column":1}},"19":{"start":{"line":36,"column":29},"end":{"line":36,"column":66}},"20":{"start":{"line":38,"column":1},"end":{"line":42,"column":2}},"21":{"start":{"line":38,"column":14},"end":{"line":38,"column":15}},"22":{"start":{"line":39,"column":2},"end":{"line":41,"column":3}},"23":{"start":{"line":40,"column":3},"end":{"line":40,"column":15}},"24":{"start":{"line":44,"column":1},"end":{"line":44,"column":14}},"25":{"start":{"line":47,"column":36},"end":{"line":50,"column":1}},"26":{"start":{"line":48,"column":17},"end":{"line":48,"column":31}},"27":{"start":{"line":49,"column":1},"end":{"line":49,"column":146}},"28":{"start":{"line":49,"column":34},"end":{"line":49,"column":144}},"29":{"start":{"line":52,"column":34},"end":{"line":56,"column":1}},"30":{"start":{"line":53,"column":16},"end":{"line":53,"column":28}},"31":{"start":{"line":54,"column":1},"end":{"line":55,"column":66}},"32":{"start":{"line":54,"column":29},"end":{"line":55,"column":64}},"33":{"start":{"line":58,"column":45},"end":{"line":61,"column":34}},"34":{"start":{"line":58,"column":83},"end":{"line":61,"column":34}},"35":{"start":{"line":63,"column":29},"end":{"line":73,"column":1}},"36":{"start":{"line":64,"column":18},"end":{"line":64,"column":20}},"37":{"start":{"line":66,"column":1},"end":{"line":70,"column":2}},"38":{"start":{"line":67,"column":2},"end":{"line":69,"column":3}},"39":{"start":{"line":68,"column":3},"end":{"line":68,"column":85}},"40":{"start":{"line":72,"column":1},"end":{"line":72,"column":19}}},"fnMap":{"0":{"name":"(anonymous_0)","decl":{"start":{"line":5,"column":27},"end":{"line":5,"column":28}},"loc":{"start":{"line":5,"column":121},"end":{"line":23,"column":1}},"line":5},"1":{"name":"(anonymous_1)","decl":{"start":{"line":25,"column":30},"end":{"line":25,"column":31}},"loc":{"start":{"line":25,"column":68},"end":{"line":28,"column":1}},"line":25},"2":{"name":"(anonymous_2)","decl":{"start":{"line":27,"column":36},"end":{"line":27,"column":37}},"loc":{"start":{"line":27,"column":49},"end":{"line":27,"column":104}},"line":27},"3":{"name":"(anonymous_3)","decl":{"start":{"line":30,"column":24},"end":{"line":30,"column":25}},"loc":{"start":{"line":30,"column":62},"end":{"line":33,"column":1}},"line":30},"4":{"name":"(anonymous_4)","decl":{"start":{"line":32,"column":19},"end":{"line":32,"column":20}},"loc":{"start":{"line":32,"column":32},"end":{"line":32,"column":87}},"line":32},"5":{"name":"(anonymous_5)","decl":{"start":{"line":35,"column":45},"end":{"line":35,"column":46}},"loc":{"start":{"line":35,"column":75},"end":{"line":45,"column":1}},"line":35},"6":{"name":"(anonymous_6)","decl":{"start":{"line":47,"column":36},"end":{"line":47,"column":37}},"loc":{"start":{"line":47,"column":74},"end":{"line":50,"column":1}},"line":47},"7":{"name":"(anonymous_7)","decl":{"start":{"line":49,"column":21},"end":{"line":49,"column":22}},"loc":{"start":{"line":49,"column":34},"end":{"line":49,"column":144}},"line":49},"8":{"name":"(anonymous_8)","decl":{"start":{"line":52,"column":34},"end":{"line":52,"column":35}},"loc":{"start":{"line":52,"column":72},"end":{"line":56,"column":1}},"line":52},"9":{"name":"(anonymous_9)","decl":{"start":{"line":54,"column":20},"end":{"line":54,"column":21}},"loc":{"start":{"line":54,"column":29},"end":{"line":55,"column":64}},"line":54},"10":{"name":"(anonymous_10)","decl":{"start":{"line":58,"column":45},"end":{"line":58,"column":46}},"loc":{"start":{"line":58,"column":83},"end":{"line":61,"column":34}},"line":58},"11":{"name":"(anonymous_11)","decl":{"start":{"line":63,"column":29},"end":{"line":63,"column":30}},"loc":{"start":{"line":63,"column":78},"end":{"line":73,"column":1}},"line":63}},"branchMap":{"0":{"loc":{"start":{"line":8,"column":1},"end":{"line":10,"column":2}},"type":"if","locations":[{"start":{"line":8,"column":1},"end":{"line":10,"column":2}},{"start":{"line":8,"column":1},"end":{"line":10,"column":2}}],"line":8},"1":{"loc":{"start":{"line":13,"column":2},"end":{"line":19,"column":3}},"type":"if","locations":[{"start":{"line":13,"column":2},"end":{"line":19,"column":3}},{"start":{"line":13,"column":2},"end":{"line":19,"column":3}}],"line":13},"2":{"loc":{"start":{"line":15,"column":4},"end":{"line":17,"column":5}},"type":"if","locations":[{"start":{"line":15,"column":4},"end":{"line":17,"column":5}},{"start":{"line":15,"column":4},"end":{"line":17,"column":5}}],"line":15},"3":{"loc":{"start":{"line":27,"column":49},"end":{"line":27,"column":104}},"type":"binary-expr","locations":[{"start":{"line":27,"column":49},"end":{"line":27,"column":69}},{"start":{"line":27,"column":73},"end":{"line":27,"column":104}}],"line":27},"4":{"loc":{"start":{"line":32,"column":32},"end":{"line":32,"column":87}},"type":"binary-expr","locations":[{"start":{"line":32,"column":32},"end":{"line":32,"column":52}},{"start":{"line":32,"column":56},"end":{"line":32,"column":87}}],"line":32},"5":{"loc":{"start":{"line":39,"column":2},"end":{"line":41,"column":3}},"type":"if","locations":[{"start":{"line":39,"column":2},"end":{"line":41,"column":3}},{"start":{"line":39,"column":2},"end":{"line":41,"column":3}}],"line":39},"6":{"loc":{"start":{"line":49,"column":34},"end":{"line":49,"column":144}},"type":"binary-expr","locations":[{"start":{"line":49,"column":34},"end":{"line":49,"column":54}},{"start":{"line":49,"column":58},"end":{"line":49,"column":89}},{"start":{"line":49,"column":93},"end":{"line":49,"column":144}}],"line":49},"7":{"loc":{"start":{"line":54,"column":29},"end":{"line":55,"column":64}},"type":"binary-expr","locations":[{"start":{"line":54,"column":29},"end":{"line":54,"column":51}},{"start":{"line":54,"column":55},"end":{"line":54,"column":88}},{"start":{"line":55,"column":5},"end":{"line":55,"column":27}},{"start":{"line":55,"column":31},"end":{"line":55,"column":64}}],"line":54},"8":{"loc":{"start":{"line":58,"column":85},"end":{"line":61,"column":33}},"type":"binary-expr","locations":[{"start":{"line":58,"column":85},"end":{"line":58,"column":111}},{"start":{"line":59,"column":4},"end":{"line":59,"column":23}},{"start":{"line":60,"column":4},"end":{"line":60,"column":35}},{"start":{"line":61,"column":4},"end":{"line":61,"column":33}}],"line":58},"9":{"loc":{"start":{"line":68,"column":17},"end":{"line":68,"column":84}},"type":"cond-expr","locations":[{"start":{"line":68,"column":35},"end":{"line":68,"column":39}},{"start":{"line":68,"column":42},"end":{"line":68,"column":84}}],"line":68}},"s":{"0":1,"1":3,"2":3,"3":1,"4":2,"5":6,"6":3,"7":2,"8":1,"9":1,"10":1,"11":9,"12":9,"13":32,"14":1,"15":8,"16":8,"17":15,"18":1,"19":7,"20":7,"21":7,"22":8,"23":4,"24":3,"25":1,"26":7,"27":7,"28":12,"29":1,"30":5,"31":5,"32":9,"33":1,"34":5,"35":1,"36":1,"37":1,"38":8,"39":64,"40":1},"f":{"0":3,"1":9,"2":32,"3":8,"4":15,"5":7,"6":7,"7":12,"8":5,"9":9,"10":5,"11":1},"b":{"0":[1,2],"1":[3,3],"2":[1,1],"3":[32,7],"4":[15,5],"5":[4,4],"6":[12,8,4],"7":[9,4,4,3],"8":[5,4,3,2],"9":[32,32]},"_coverageSchema":"1a1c01bbd47fc00a2c39e90264f33305004495a9","hash":"08f5082abe077e8b957fe8cfe24d1fa81c5b991f"}
,"/Users/pjmotz/GitHub/github-pages/src/lib/games/chess/helpers.ts": {"path":"/Users/pjmotz/GitHub/github-pages/src/lib/games/chess/helpers.ts","statementMap":{"0":{"start":{"line":10,"column":31},"end":{"line":12,"column":1}},"1":{"start":{"line":11,"column":1},"end":{"line":11,"column":77}},"2":{"start":{"line":19,"column":29},"end":{"line":21,"column":1}},"3":{"start":{"line":20,"column":1},"end":{"line":20,"column":46}},"4":{"start":{"line":23,"column":60},"end":{"line":26,"column":1}},"5":{"start":{"line":33,"column":29},"end":{"line":41,"column":1}},"6":{"start":{"line":34,"column":15},"end":{"line":34,"column":51}},"7":{"start":{"line":36,"column":1},"end":{"line":38,"column":2}},"8":{"start":{"line":37,"column":2},"end":{"line":37,"column":35}},"9":{"start":{"line":40,"column":1},"end":{"line":40,"column":14}},"10":{"start":{"line":50,"column":30},"end":{"line":56,"column":1}},"11":{"start":{"line":51,"column":1},"end":{"line":53,"column":2}},"12":{"start":{"line":52,"column":2},"end":{"line":52,"column":12}},"13":{"start":{"line":55,"column":1},"end":{"line":55,"column":77}},"14":{"start":{"line":55,"column":44},"end":{"line":55,"column":75}},"15":{"start":{"line":58,"column":32},"end":{"line":72,"column":1}},"16":{"start":{"line":59,"column":21},"end":{"line":59,"column":23}},"17":{"start":{"line":61,"column":18},"end":{"line":61,"column":52}},"18":{"start":{"line":62,"column":1},"end":{"line":69,"column":2}},"19":{"start":{"line":63,"column":21},"end":{"line":63,"column":43}},"20":{"start":{"line":64,"column":2},"end":{"line":66,"column":3}},"21":{"start":{"line":65,"column":3},"end":{"line":65,"column":26}},"22":{"start":{"line":68,"column":2},"end":{"line":68,"column":30}},"23":{"start":{"line":71,"column":1},"end":{"line":71,"column":20}},"24":{"start":{"line":74,"column":34},"end":{"line":85,"column":1}},"25":{"start":{"line":75,"column":15},"end":{"line":75,"column":17}},"26":{"start":{"line":76,"column":1},"end":{"line":82,"column":2}},"27":{"start":{"line":77,"column":2},"end":{"line":81,"column":3}},"28":{"start":{"line":78,"column":3},"end":{"line":80,"column":4}},"29":{"start":{"line":79,"column":4},"end":{"line":79,"column":59}},"30":{"start":{"line":84,"column":1},"end":{"line":84,"column":32}},"31":{"start":{"line":87,"column":62},"end":{"line":105,"column":1}},"32":{"start":{"line":107,"column":43},"end":{"line":109,"column":1}},"33":{"start":{"line":111,"column":31},"end":{"line":151,"column":1}},"34":{"start":{"line":112,"column":27},"end":{"line":119,"column":2}},"35":{"start":{"line":121,"column":30},"end":{"line":121,"column":32}},"36":{"start":{"line":122,"column":45},"end":{"line":122,"column":47}},"37":{"start":{"line":123,"column":19},"end":{"line":123,"column":20}},"38":{"start":{"line":126,"column":1},"end":{"line":128,"column":2}},"39":{"start":{"line":126,"column":14},"end":{"line":126,"column":15}},"40":{"start":{"line":127,"column":2},"end":{"line":127,"column":56}},"41":{"start":{"line":129,"column":1},"end":{"line":131,"column":2}},"42":{"start":{"line":130,"column":2},"end":{"line":130,"column":28}},"43":{"start":{"line":133,"column":1},"end":{"line":145,"column":2}},"44":{"start":{"line":134,"column":28},"end":{"line":134,"column":48}},"45":{"start":{"line":135,"column":23},"end":{"line":135,"column":52}},"46":{"start":{"line":137,"column":2},"end":{"line":144,"column":3}},"47":{"start":{"line":138,"column":36},"end":{"line":138,"column":79}},"48":{"start":{"line":140,"column":31},"end":{"line":140,"column":143}},"49":{"start":{"line":142,"column":3},"end":{"line":142,"column":35}},"50":{"start":{"line":143,"column":3},"end":{"line":143,"column":50}},"51":{"start":{"line":147,"column":1},"end":{"line":150,"column":3}},"52":{"start":{"line":154,"column":41},"end":{"line":165,"column":1}},"53":{"start":{"line":155,"column":33},"end":{"line":155,"column":126}},"54":{"start":{"line":155,"column":72},"end":{"line":155,"column":125}},"55":{"start":{"line":157,"column":1},"end":{"line":159,"column":2}},"56":{"start":{"line":158,"column":2},"end":{"line":158,"column":45}},"57":{"start":{"line":161,"column":1},"end":{"line":164,"column":3}},"58":{"start":{"line":167,"column":36},"end":{"line":175,"column":1}},"59":{"start":{"line":168,"column":14},"end":{"line":168,"column":53}},"60":{"start":{"line":170,"column":1},"end":{"line":172,"column":2}},"61":{"start":{"line":171,"column":2},"end":{"line":171,"column":12}},"62":{"start":{"line":174,"column":1},"end":{"line":174,"column":40}},"63":{"start":{"line":174,"column":33},"end":{"line":174,"column":37}},"64":{"start":{"line":177,"column":33},"end":{"line":197,"column":1}},"65":{"start":{"line":179,"column":27},"end":{"line":186,"column":2}},"66":{"start":{"line":188,"column":12},"end":{"line":188,"column":68}},"67":{"start":{"line":190,"column":1},"end":{"line":196,"column":4}}},"fnMap":{"0":{"name":"(anonymous_0)","decl":{"start":{"line":10,"column":31},"end":{"line":10,"column":32}},"loc":{"start":{"line":10,"column":63},"end":{"line":12,"column":1}},"line":10},"1":{"name":"(anonymous_1)","decl":{"start":{"line":19,"column":29},"end":{"line":19,"column":30}},"loc":{"start":{"line":19,"column":64},"end":{"line":21,"column":1}},"line":19},"2":{"name":"(anonymous_2)","decl":{"start":{"line":33,"column":29},"end":{"line":33,"column":30}},"loc":{"start":{"line":33,"column":67},"end":{"line":41,"column":1}},"line":33},"3":{"name":"(anonymous_3)","decl":{"start":{"line":50,"column":30},"end":{"line":50,"column":31}},"loc":{"start":{"line":50,"column":91},"end":{"line":56,"column":1}},"line":50},"4":{"name":"(anonymous_4)","decl":{"start":{"line":55,"column":35},"end":{"line":55,"column":36}},"loc":{"start":{"line":55,"column":44},"end":{"line":55,"column":75}},"line":55},"5":{"name":"(anonymous_5)","decl":{"start":{"line":58,"column":32},"end":{"line":58,"column":33}},"loc":{"start":{"line":58,"column":67},"end":{"line":72,"column":1}},"line":58},"6":{"name":"(anonymous_6)","decl":{"start":{"line":74,"column":34},"end":{"line":74,"column":35}},"loc":{"start":{"line":74,"column":137},"end":{"line":85,"column":1}},"line":74},"7":{"name":"(anonymous_7)","decl":{"start":{"line":111,"column":31},"end":{"line":111,"column":32}},"loc":{"start":{"line":111,"column":82},"end":{"line":151,"column":1}},"line":111},"8":{"name":"(anonymous_8)","decl":{"start":{"line":154,"column":41},"end":{"line":154,"column":42}},"loc":{"start":{"line":154,"column":102},"end":{"line":165,"column":1}},"line":154},"9":{"name":"(anonymous_9)","decl":{"start":{"line":155,"column":64},"end":{"line":155,"column":65}},"loc":{"start":{"line":155,"column":72},"end":{"line":155,"column":125}},"line":155},"10":{"name":"(anonymous_10)","decl":{"start":{"line":167,"column":36},"end":{"line":167,"column":37}},"loc":{"start":{"line":167,"column":118},"end":{"line":175,"column":1}},"line":167},"11":{"name":"(anonymous_11)","decl":{"start":{"line":174,"column":28},"end":{"line":174,"column":29}},"loc":{"start":{"line":174,"column":33},"end":{"line":174,"column":37}},"line":174},"12":{"name":"(anonymous_12)","decl":{"start":{"line":177,"column":33},"end":{"line":177,"column":34}},"loc":{"start":{"line":177,"column":122},"end":{"line":197,"column":1}},"line":177}},"branchMap":{"0":{"loc":{"start":{"line":11,"column":8},"end":{"line":11,"column":76}},"type":"binary-expr","locations":[{"start":{"line":11,"column":8},"end":{"line":11,"column":22}},{"start":{"line":11,"column":26},"end":{"line":11,"column":40}},{"start":{"line":11,"column":44},"end":{"line":11,"column":58}},{"start":{"line":11,"column":62},"end":{"line":11,"column":76}}],"line":11},"1":{"loc":{"start":{"line":20,"column":8},"end":{"line":20,"column":45}},"type":"cond-expr","locations":[{"start":{"line":20,"column":28},"end":{"line":20,"column":35}},{"start":{"line":20,"column":38},"end":{"line":20,"column":45}}],"line":20},"2":{"loc":{"start":{"line":36,"column":1},"end":{"line":38,"column":2}},"type":"if","locations":[{"start":{"line":36,"column":1},"end":{"line":38,"column":2}},{"start":{"line":36,"column":1},"end":{"line":38,"column":2}}],"line":36},"3":{"loc":{"start":{"line":51,"column":1},"end":{"line":53,"column":2}},"type":"if","locations":[{"start":{"line":51,"column":1},"end":{"line":53,"column":2}},{"start":{"line":51,"column":1},"end":{"line":53,"column":2}}],"line":51},"4":{"loc":{"start":{"line":64,"column":2},"end":{"line":66,"column":3}},"type":"if","locations":[{"start":{"line":64,"column":2},"end":{"line":66,"column":3}},{"start":{"line":64,"column":2},"end":{"line":66,"column":3}}],"line":64},"5":{"loc":{"start":{"line":77,"column":2},"end":{"line":81,"column":3}},"type":"if","locations":[{"start":{"line":77,"column":2},"end":{"line":81,"column":3}},{"start":{"line":77,"column":2},"end":{"line":81,"column":3}}],"line":77},"6":{"loc":{"start":{"line":77,"column":6},"end":{"line":77,"column":62}},"type":"binary-expr","locations":[{"start":{"line":77,"column":6},"end":{"line":77,"column":20}},{"start":{"line":77,"column":24},"end":{"line":77,"column":62}}],"line":77},"7":{"loc":{"start":{"line":111,"column":32},"end":{"line":111,"column":65}},"type":"default-arg","locations":[{"start":{"line":111,"column":43},"end":{"line":111,"column":65}}],"line":111},"8":{"loc":{"start":{"line":155,"column":72},"end":{"line":155,"column":125}},"type":"cond-expr","locations":[{"start":{"line":155,"column":92},"end":{"line":155,"column":107}},{"start":{"line":155,"column":110},"end":{"line":155,"column":125}}],"line":155},"9":{"loc":{"start":{"line":157,"column":1},"end":{"line":159,"column":2}},"type":"if","locations":[{"start":{"line":157,"column":1},"end":{"line":159,"column":2}},{"start":{"line":157,"column":1},"end":{"line":159,"column":2}}],"line":157},"10":{"loc":{"start":{"line":170,"column":1},"end":{"line":172,"column":2}},"type":"if","locations":[{"start":{"line":170,"column":1},"end":{"line":172,"column":2}},{"start":{"line":170,"column":1},"end":{"line":172,"column":2}}],"line":170},"11":{"loc":{"start":{"line":170,"column":5},"end":{"line":170,"column":29}},"type":"binary-expr","locations":[{"start":{"line":170,"column":5},"end":{"line":170,"column":21}},{"start":{"line":170,"column":25},"end":{"line":170,"column":29}}],"line":170}},"s":{"0":3,"1":246,"2":3,"3":10,"4":3,"5":3,"6":336,"7":336,"8":1,"9":335,"10":3,"11":20,"12":1,"13":19,"14":13,"15":3,"16":11,"17":11,"18":11,"19":234,"20":234,"21":209,"22":234,"23":11,"24":3,"25":9,"26":9,"27":94,"28":48,"29":30,"30":9,"31":3,"32":3,"33":3,"34":34,"35":34,"36":34,"37":34,"38":34,"39":34,"40":272,"41":34,"42":408,"43":34,"44":323,"45":323,"46":323,"47":605,"48":605,"49":605,"50":605,"51":34,"52":3,"53":4,"54":6,"55":4,"56":2,"57":2,"58":3,"59":3,"60":3,"61":2,"62":1,"63":8,"64":3,"65":1,"66":1,"67":1},"f":{"0":246,"1":10,"2":336,"3":20,"4":13,"5":11,"6":9,"7":34,"8":4,"9":6,"10":3,"11":8,"12":1},"b":{"0":[246,220,178,171],"1":[3,7],"2":[1,335],"3":[1,19],"4":[209,25],"5":[48,46],"6":[94,94],"7":[16],"8":[3,3],"9":[2,2],"10":[2,1],"11":[3,1]},"_coverageSchema":"1a1c01bbd47fc00a2c39e90264f33305004495a9","hash":"97f6cfd84849df57fa0435b3076749a90a5808d8"}
,"/Users/pjmotz/GitHub/github-pages/src/lib/games/chess/pieces/bishop.ts": {"path":"/Users/pjmotz/GitHub/github-pages/src/lib/games/chess/pieces/bishop.ts","statementMap":{"0":{"start":{"line":10,"column":2},"end":{"line":10,"column":49}},"1":{"start":{"line":11,"column":2},"end":{"line":16,"column":4}},"2":{"start":{"line":17,"column":2},"end":{"line":17,"column":34}},"3":{"start":{"line":26,"column":2},"end":{"line":26,"column":67}},"4":{"start":{"line":35,"column":2},"end":{"line":35,"column":78}}},"fnMap":{"0":{"name":"(anonymous_0)","decl":{"start":{"line":9,"column":1},"end":{"line":9,"column":2}},"loc":{"start":{"line":9,"column":66},"end":{"line":18,"column":2}},"line":9},"1":{"name":"(anonymous_1)","decl":{"start":{"line":25,"column":1},"end":{"line":25,"column":2}},"loc":{"start":{"line":25,"column":52},"end":{"line":27,"column":2}},"line":25},"2":{"name":"(anonymous_2)","decl":{"start":{"line":34,"column":1},"end":{"line":34,"column":2}},"loc":{"start":{"line":34,"column":58},"end":{"line":36,"column":2}},"line":34}},"branchMap":{},"s":{"0":93,"1":93,"2":93,"3":0,"4":7},"f":{"0":93,"1":0,"2":7},"b":{},"_coverageSchema":"1a1c01bbd47fc00a2c39e90264f33305004495a9","hash":"583dc6476d90c2a75dc4d9b1430d455306b9be50"}
,"/Users/pjmotz/GitHub/github-pages/src/lib/games/chess/pieces/index.ts": {"path":"/Users/pjmotz/GitHub/github-pages/src/lib/games/chess/pieces/index.ts","statementMap":{},"fnMap":{},"branchMap":{},"s":{},"f":{},"b":{},"_coverageSchema":"1a1c01bbd47fc00a2c39e90264f33305004495a9","hash":"41b513cb341fc9d58172e262a81da6db4325e699"}
,"/Users/pjmotz/GitHub/github-pages/src/lib/games/chess/pieces/king.ts": {"path":"/Users/pjmotz/GitHub/github-pages/src/lib/games/chess/pieces/king.ts","statementMap":{"0":{"start":{"line":23,"column":2},"end":{"line":23,"column":49}},"1":{"start":{"line":24,"column":2},"end":{"line":24,"column":37}},"2":{"start":{"line":25,"column":2},"end":{"line":25,"column":32}},"3":{"start":{"line":35,"column":2},"end":{"line":44,"column":4}},"4":{"start":{"line":57,"column":2},"end":{"line":59,"column":3}},"5":{"start":{"line":58,"column":3},"end":{"line":58,"column":13}},"6":{"start":{"line":61,"column":28},"end":{"line":61,"column":38}},"7":{"start":{"line":62,"column":36},"end":{"line":62,"column":56}},"8":{"start":{"line":63,"column":26},"end":{"line":63,"column":87}},"9":{"start":{"line":65,"column":23},"end":{"line":65,"column":32}},"10":{"start":{"line":66,"column":23},"end":{"line":66,"column":32}},"11":{"start":{"line":67,"column":28},"end":{"line":67,"column":41}},"12":{"start":{"line":68,"column":36},"end":{"line":68,"column":69}},"13":{"start":{"line":70,"column":16},"end":{"line":80,"column":4}},"14":{"start":{"line":72,"column":3},"end":{"line":74,"column":4}},"15":{"start":{"line":73,"column":4},"end":{"line":73,"column":17}},"16":{"start":{"line":76,"column":27},"end":{"line":76,"column":72}},"17":{"start":{"line":78,"column":3},"end":{"line":79,"column":47}},"18":{"start":{"line":82,"column":28},"end":{"line":82,"column":42}},"19":{"start":{"line":83,"column":24},"end":{"line":83,"column":85}},"20":{"start":{"line":86,"column":2},"end":{"line":90,"column":3}},"21":{"start":{"line":89,"column":3},"end":{"line":89,"column":32}},"22":{"start":{"line":92,"column":23},"end":{"line":92,"column":84}},"23":{"start":{"line":95,"column":2},"end":{"line":99,"column":3}},"24":{"start":{"line":98,"column":3},"end":{"line":98,"column":32}},"25":{"start":{"line":101,"column":2},"end":{"line":101,"column":15}},"26":{"start":{"line":109,"column":15},"end":{"line":109,"column":25}},"27":{"start":{"line":110,"column":15},"end":{"line":110,"column":25}},"28":{"start":{"line":111,"column":24},"end":{"line":111,"column":57}},"29":{"start":{"line":114,"column":27},"end":{"line":114,"column":64}},"30":{"start":{"line":116,"column":2},"end":{"line":116,"column":26}},"31":{"start":{"line":123,"column":2},"end":{"line":123,"column":24}},"32":{"start":{"line":130,"column":2},"end":{"line":130,"column":28}}},"fnMap":{"0":{"name":"(anonymous_0)","decl":{"start":{"line":22,"column":1},"end":{"line":22,"column":2}},"loc":{"start":{"line":22,"column":75},"end":{"line":26,"column":2}},"line":22},"1":{"name":"(anonymous_1)","decl":{"start":{"line":34,"column":1},"end":{"line":34,"column":2}},"loc":{"start":{"line":34,"column":58},"end":{"line":45,"column":2}},"line":34},"2":{"name":"(anonymous_2)","decl":{"start":{"line":53,"column":1},"end":{"line":53,"column":2}},"loc":{"start":{"line":56,"column":28},"end":{"line":102,"column":2}},"line":56},"3":{"name":"(anonymous_3)","decl":{"start":{"line":70,"column":37},"end":{"line":70,"column":38}},"loc":{"start":{"line":70,"column":49},"end":{"line":80,"column":3}},"line":70},"4":{"name":"(anonymous_4)","decl":{"start":{"line":108,"column":1},"end":{"line":108,"column":2}},"loc":{"start":{"line":108,"column":32},"end":{"line":117,"column":2}},"line":108},"5":{"name":"(anonymous_5)","decl":{"start":{"line":122,"column":1},"end":{"line":122,"column":2}},"loc":{"start":{"line":122,"column":25},"end":{"line":124,"column":2}},"line":122},"6":{"name":"(anonymous_6)","decl":{"start":{"line":129,"column":1},"end":{"line":129,"column":2}},"loc":{"start":{"line":129,"column":24},"end":{"line":131,"column":2}},"line":129}},"branchMap":{"0":{"loc":{"start":{"line":24,"column":19},"end":{"line":24,"column":36}},"type":"binary-expr","locations":[{"start":{"line":24,"column":19},"end":{"line":24,"column":27}},{"start":{"line":24,"column":31},"end":{"line":24,"column":36}}],"line":24},"1":{"loc":{"start":{"line":57,"column":2},"end":{"line":59,"column":3}},"type":"if","locations":[{"start":{"line":57,"column":2},"end":{"line":59,"column":3}},{"start":{"line":57,"column":2},"end":{"line":59,"column":3}}],"line":57},"2":{"loc":{"start":{"line":72,"column":3},"end":{"line":74,"column":4}},"type":"if","locations":[{"start":{"line":72,"column":3},"end":{"line":74,"column":4}},{"start":{"line":72,"column":3},"end":{"line":74,"column":4}}],"line":72},"3":{"loc":{"start":{"line":78,"column":10},"end":{"line":79,"column":46}},"type":"binary-expr","locations":[{"start":{"line":78,"column":11},"end":{"line":78,"column":35}},{"start":{"line":78,"column":39},"end":{"line":78,"column":70}},{"start":{"line":79,"column":4},"end":{"line":79,"column":46}}],"line":78},"4":{"loc":{"start":{"line":86,"column":2},"end":{"line":90,"column":3}},"type":"if","locations":[{"start":{"line":86,"column":2},"end":{"line":90,"column":3}},{"start":{"line":86,"column":2},"end":{"line":90,"column":3}}],"line":86},"5":{"loc":{"start":{"line":86,"column":6},"end":{"line":88,"column":163}},"type":"binary-expr","locations":[{"start":{"line":86,"column":6},"end":{"line":86,"column":35}},{"start":{"line":86,"column":39},"end":{"line":86,"column":48}},{"start":{"line":86,"column":52},"end":{"line":86,"column":65}},{"start":{"line":86,"column":69},"end":{"line":86,"column":92}},{"start":{"line":87,"column":3},"end":{"line":87,"column":39}},{"start":{"line":87,"column":43},"end":{"line":87,"column":79}},{"start":{"line":87,"column":83},"end":{"line":87,"column":115}},{"start":{"line":88,"column":3},"end":{"line":88,"column":51}},{"start":{"line":88,"column":55},"end":{"line":88,"column":107}},{"start":{"line":88,"column":111},"end":{"line":88,"column":163}}],"line":86},"6":{"loc":{"start":{"line":95,"column":2},"end":{"line":99,"column":3}},"type":"if","locations":[{"start":{"line":95,"column":2},"end":{"line":99,"column":3}},{"start":{"line":95,"column":2},"end":{"line":99,"column":3}}],"line":95},"7":{"loc":{"start":{"line":95,"column":6},"end":{"line":97,"column":163}},"type":"binary-expr","locations":[{"start":{"line":95,"column":6},"end":{"line":95,"column":34}},{"start":{"line":95,"column":38},"end":{"line":95,"column":47}},{"start":{"line":95,"column":51},"end":{"line":95,"column":63}},{"start":{"line":95,"column":67},"end":{"line":95,"column":89}},{"start":{"line":96,"column":3},"end":{"line":96,"column":35}},{"start":{"line":96,"column":39},"end":{"line":96,"column":75}},{"start":{"line":97,"column":3},"end":{"line":97,"column":51}},{"start":{"line":97,"column":55},"end":{"line":97,"column":107}},{"start":{"line":97,"column":111},"end":{"line":97,"column":163}}],"line":95}},"s":{"0":112,"1":112,"2":112,"3":17,"4":9,"5":1,"6":8,"7":8,"8":8,"9":8,"10":8,"11":8,"12":8,"13":8,"14":64,"15":32,"16":32,"17":32,"18":8,"19":8,"20":8,"21":0,"22":8,"23":8,"24":0,"25":8,"26":9,"27":9,"28":9,"29":9,"30":9,"31":8,"32":0},"f":{"0":112,"1":17,"2":9,"3":64,"4":9,"5":8,"6":0},"b":{"0":[112,112],"1":[1,8],"2":[32,32],"3":[32,8,26],"4":[0,8],"5":[8,4,4,4,4,2,2,2,0,0],"6":[0,8],"7":[8,0,0,0,0,0,0,0,0]},"_coverageSchema":"1a1c01bbd47fc00a2c39e90264f33305004495a9","hash":"79b83bbc3300f3297cbba9ec45cc1e17399f67e4"}
,"/Users/pjmotz/GitHub/github-pages/src/lib/games/chess/pieces/knight.ts": {"path":"/Users/pjmotz/GitHub/github-pages/src/lib/games/chess/pieces/knight.ts","statementMap":{"0":{"start":{"line":9,"column":2},"end":{"line":9,"column":49}},"1":{"start":{"line":10,"column":2},"end":{"line":10,"column":34}},"2":{"start":{"line":20,"column":2},"end":{"line":25,"column":4}},"3":{"start":{"line":35,"column":2},"end":{"line":37,"column":3}},"4":{"start":{"line":36,"column":3},"end":{"line":36,"column":13}},"5":{"start":{"line":39,"column":28},"end":{"line":39,"column":39}},"6":{"start":{"line":40,"column":23},"end":{"line":40,"column":33}},"7":{"start":{"line":41,"column":23},"end":{"line":41,"column":33}},"8":{"start":{"line":42,"column":36},"end":{"line":42,"column":69}},"9":{"start":{"line":45,"column":16},"end":{"line":53,"column":4}},"10":{"start":{"line":47,"column":3},"end":{"line":49,"column":4}},"11":{"start":{"line":48,"column":4},"end":{"line":48,"column":17}},"12":{"start":{"line":51,"column":38},"end":{"line":51,"column":83}},"13":{"start":{"line":52,"column":3},"end":{"line":52,"column":56}},"14":{"start":{"line":55,"column":2},"end":{"line":55,"column":15}},"15":{"start":{"line":63,"column":15},"end":{"line":63,"column":24}},"16":{"start":{"line":64,"column":15},"end":{"line":64,"column":24}},"17":{"start":{"line":65,"column":24},"end":{"line":65,"column":57}},"18":{"start":{"line":67,"column":27},"end":{"line":67,"column":64}},"19":{"start":{"line":69,"column":2},"end":{"line":69,"column":26}}},"fnMap":{"0":{"name":"(anonymous_0)","decl":{"start":{"line":8,"column":1},"end":{"line":8,"column":2}},"loc":{"start":{"line":8,"column":66},"end":{"line":11,"column":2}},"line":8},"1":{"name":"(anonymous_1)","decl":{"start":{"line":19,"column":1},"end":{"line":19,"column":2}},"loc":{"start":{"line":19,"column":58},"end":{"line":26,"column":2}},"line":19},"2":{"name":"(anonymous_2)","decl":{"start":{"line":33,"column":1},"end":{"line":33,"column":2}},"loc":{"start":{"line":33,"column":52},"end":{"line":56,"column":2}},"line":33},"3":{"name":"(anonymous_3)","decl":{"start":{"line":45,"column":37},"end":{"line":45,"column":38}},"loc":{"start":{"line":45,"column":49},"end":{"line":53,"column":3}},"line":45},"4":{"name":"(anonymous_4)","decl":{"start":{"line":62,"column":1},"end":{"line":62,"column":2}},"loc":{"start":{"line":62,"column":32},"end":{"line":70,"column":2}},"line":62}},"branchMap":{"0":{"loc":{"start":{"line":35,"column":2},"end":{"line":37,"column":3}},"type":"if","locations":[{"start":{"line":35,"column":2},"end":{"line":37,"column":3}},{"start":{"line":35,"column":2},"end":{"line":37,"column":3}}],"line":35},"1":{"loc":{"start":{"line":47,"column":3},"end":{"line":49,"column":4}},"type":"if","locations":[{"start":{"line":47,"column":3},"end":{"line":49,"column":4}},{"start":{"line":47,"column":3},"end":{"line":49,"column":4}}],"line":47},"2":{"loc":{"start":{"line":52,"column":10},"end":{"line":52,"column":55}},"type":"binary-expr","locations":[{"start":{"line":52,"column":10},"end":{"line":52,"column":23}},{"start":{"line":52,"column":27},"end":{"line":52,"column":55}}],"line":52}},"s":{"0":78,"1":78,"2":9,"3":0,"4":0,"5":0,"6":0,"7":0,"8":0,"9":0,"10":0,"11":0,"12":0,"13":0,"14":0,"15":9,"16":9,"17":9,"18":9,"19":9},"f":{"0":78,"1":9,"2":0,"3":0,"4":9},"b":{"0":[0,0],"1":[0,0],"2":[0,0]},"_coverageSchema":"1a1c01bbd47fc00a2c39e90264f33305004495a9","hash":"ce53a6d1be101e3cfe26e2a2af09d21df3b5b51f"}
,"/Users/pjmotz/GitHub/github-pages/src/lib/games/chess/pieces/pawn.ts": {"path":"/Users/pjmotz/GitHub/github-pages/src/lib/games/chess/pieces/pawn.ts","statementMap":{"0":{"start":{"line":10,"column":2},"end":{"line":10,"column":49}},"1":{"start":{"line":11,"column":2},"end":{"line":11,"column":32}},"2":{"start":{"line":12,"column":2},"end":{"line":12,"column":41}},"3":{"start":{"line":19,"column":2},"end":{"line":19,"column":40}},"4":{"start":{"line":26,"column":2},"end":{"line":26,"column":60}},"5":{"start":{"line":35,"column":28},"end":{"line":35,"column":38}},"6":{"start":{"line":36,"column":23},"end":{"line":36,"column":33}},"7":{"start":{"line":37,"column":23},"end":{"line":37,"column":33}},"8":{"start":{"line":38,"column":28},"end":{"line":38,"column":30}},"9":{"start":{"line":39,"column":16},"end":{"line":39,"column":21}},"10":{"start":{"line":40,"column":20},"end":{"line":40,"column":25}},"11":{"start":{"line":41,"column":20},"end":{"line":41,"column":25}},"12":{"start":{"line":44,"column":13},"end":{"line":44,"column":50}},"13":{"start":{"line":45,"column":2},"end":{"line":67,"column":3}},"14":{"start":{"line":46,"column":18},"end":{"line":46,"column":20}},"15":{"start":{"line":49,"column":3},"end":{"line":66,"column":4}},"16":{"start":{"line":50,"column":4},"end":{"line":57,"column":5}},"17":{"start":{"line":53,"column":5},"end":{"line":53,"column":18}},"18":{"start":{"line":56,"column":5},"end":{"line":56,"column":20}},"19":{"start":{"line":60,"column":4},"end":{"line":65,"column":5}},"20":{"start":{"line":61,"column":5},"end":{"line":61,"column":24}},"21":{"start":{"line":64,"column":5},"end":{"line":64,"column":24}},"22":{"start":{"line":70,"column":2},"end":{"line":149,"column":3}},"23":{"start":{"line":71,"column":3},"end":{"line":81,"column":4}},"24":{"start":{"line":72,"column":4},"end":{"line":72,"column":33}},"25":{"start":{"line":76,"column":4},"end":{"line":80,"column":5}},"26":{"start":{"line":77,"column":5},"end":{"line":79,"column":6}},"27":{"start":{"line":78,"column":6},"end":{"line":78,"column":35}},"28":{"start":{"line":84,"column":29},"end":{"line":84,"column":60}},"29":{"start":{"line":85,"column":3},"end":{"line":87,"column":4}},"30":{"start":{"line":86,"column":4},"end":{"line":86,"column":37}},"31":{"start":{"line":88,"column":30},"end":{"line":88,"column":57}},"32":{"start":{"line":89,"column":3},"end":{"line":91,"column":4}},"33":{"start":{"line":90,"column":4},"end":{"line":90,"column":37}},"34":{"start":{"line":94,"column":3},"end":{"line":107,"column":4}},"35":{"start":{"line":95,"column":4},"end":{"line":100,"column":5}},"36":{"start":{"line":96,"column":28},"end":{"line":96,"column":63}},"37":{"start":{"line":97,"column":5},"end":{"line":99,"column":6}},"38":{"start":{"line":98,"column":6},"end":{"line":98,"column":39}},"39":{"start":{"line":101,"column":4},"end":{"line":106,"column":5}},"40":{"start":{"line":102,"column":28},"end":{"line":102,"column":59}},"41":{"start":{"line":103,"column":5},"end":{"line":105,"column":6}},"42":{"start":{"line":104,"column":6},"end":{"line":104,"column":39}},"43":{"start":{"line":112,"column":3},"end":{"line":122,"column":4}},"44":{"start":{"line":113,"column":4},"end":{"line":113,"column":33}},"45":{"start":{"line":117,"column":4},"end":{"line":121,"column":5}},"46":{"start":{"line":118,"column":5},"end":{"line":120,"column":6}},"47":{"start":{"line":119,"column":6},"end":{"line":119,"column":35}},"48":{"start":{"line":125,"column":29},"end":{"line":125,"column":64}},"49":{"start":{"line":126,"column":3},"end":{"line":128,"column":4}},"50":{"start":{"line":127,"column":4},"end":{"line":127,"column":37}},"51":{"start":{"line":129,"column":30},"end":{"line":129,"column":61}},"52":{"start":{"line":130,"column":3},"end":{"line":132,"column":4}},"53":{"start":{"line":131,"column":4},"end":{"line":131,"column":37}},"54":{"start":{"line":135,"column":3},"end":{"line":148,"column":4}},"55":{"start":{"line":136,"column":4},"end":{"line":141,"column":5}},"56":{"start":{"line":137,"column":28},"end":{"line":137,"column":63}},"57":{"start":{"line":138,"column":5},"end":{"line":140,"column":6}},"58":{"start":{"line":139,"column":6},"end":{"line":139,"column":39}},"59":{"start":{"line":142,"column":4},"end":{"line":147,"column":5}},"60":{"start":{"line":143,"column":28},"end":{"line":143,"column":59}},"61":{"start":{"line":144,"column":5},"end":{"line":146,"column":6}},"62":{"start":{"line":145,"column":6},"end":{"line":145,"column":39}},"63":{"start":{"line":151,"column":2},"end":{"line":151,"column":15}},"64":{"start":{"line":159,"column":16},"end":{"line":159,"column":26}},"65":{"start":{"line":160,"column":15},"end":{"line":160,"column":24}},"66":{"start":{"line":161,"column":15},"end":{"line":161,"column":24}},"67":{"start":{"line":162,"column":25},"end":{"line":164,"column":55}},"68":{"start":{"line":166,"column":2},"end":{"line":166,"column":62}},"69":{"start":{"line":168,"column":2},"end":{"line":168,"column":26}}},"fnMap":{"0":{"name":"(anonymous_0)","decl":{"start":{"line":9,"column":1},"end":{"line":9,"column":2}},"loc":{"start":{"line":9,"column":66},"end":{"line":13,"column":2}},"line":9},"1":{"name":"(anonymous_1)","decl":{"start":{"line":18,"column":1},"end":{"line":18,"column":2}},"loc":{"start":{"line":18,"column":41},"end":{"line":20,"column":2}},"line":18},"2":{"name":"(anonymous_2)","decl":{"start":{"line":25,"column":1},"end":{"line":25,"column":2}},"loc":{"start":{"line":25,"column":56},"end":{"line":27,"column":2}},"line":25},"3":{"name":"(anonymous_3)","decl":{"start":{"line":34,"column":1},"end":{"line":34,"column":2}},"loc":{"start":{"line":34,"column":52},"end":{"line":152,"column":2}},"line":34},"4":{"name":"(anonymous_4)","decl":{"start":{"line":158,"column":1},"end":{"line":158,"column":2}},"loc":{"start":{"line":158,"column":32},"end":{"line":169,"column":2}},"line":158}},"branchMap":{"0":{"loc":{"start":{"line":45,"column":2},"end":{"line":67,"column":3}},"type":"if","locations":[{"start":{"line":45,"column":2},"end":{"line":67,"column":3}},{"start":{"line":45,"column":2},"end":{"line":67,"column":3}}],"line":45},"1":{"loc":{"start":{"line":49,"column":3},"end":{"line":66,"column":4}},"type":"if","locations":[{"start":{"line":49,"column":3},"end":{"line":66,"column":4}},{"start":{"line":49,"column":3},"end":{"line":66,"column":4}}],"line":49},"2":{"loc":{"start":{"line":50,"column":4},"end":{"line":57,"column":5}},"type":"if","locations":[{"start":{"line":50,"column":4},"end":{"line":57,"column":5}},{"start":{"line":50,"column":4},"end":{"line":57,"column":5}}],"line":50},"3":{"loc":{"start":{"line":60,"column":4},"end":{"line":65,"column":5}},"type":"if","locations":[{"start":{"line":60,"column":4},"end":{"line":65,"column":5}},{"start":{"line":60,"column":4},"end":{"line":65,"column":5}}],"line":60},"4":{"loc":{"start":{"line":70,"column":2},"end":{"line":149,"column":3}},"type":"if","locations":[{"start":{"line":70,"column":2},"end":{"line":149,"column":3}},{"start":{"line":70,"column":2},"end":{"line":149,"column":3}}],"line":70},"5":{"loc":{"start":{"line":71,"column":3},"end":{"line":81,"column":4}},"type":"if","locations":[{"start":{"line":71,"column":3},"end":{"line":81,"column":4}},{"start":{"line":71,"column":3},"end":{"line":81,"column":4}}],"line":71},"6":{"loc":{"start":{"line":71,"column":7},"end":{"line":71,"column":71}},"type":"binary-expr","locations":[{"start":{"line":71,"column":7},"end":{"line":71,"column":39}},{"start":{"line":71,"column":43},"end":{"line":71,"column":55}},{"start":{"line":71,"column":59},"end":{"line":71,"column":71}}],"line":71},"7":{"loc":{"start":{"line":76,"column":4},"end":{"line":80,"column":5}},"type":"if","locations":[{"start":{"line":76,"column":4},"end":{"line":80,"column":5}},{"start":{"line":76,"column":4},"end":{"line":80,"column":5}}],"line":76},"8":{"loc":{"start":{"line":77,"column":5},"end":{"line":79,"column":6}},"type":"if","locations":[{"start":{"line":77,"column":5},"end":{"line":79,"column":6}},{"start":{"line":77,"column":5},"end":{"line":79,"column":6}}],"line":77},"9":{"loc":{"start":{"line":85,"column":3},"end":{"line":87,"column":4}},"type":"if","locations":[{"start":{"line":85,"column":3},"end":{"line":87,"column":4}},{"start":{"line":85,"column":3},"end":{"line":87,"column":4}}],"line":85},"10":{"loc":{"start":{"line":85,"column":7},"end":{"line":85,"column":123}},"type":"binary-expr","locations":[{"start":{"line":85,"column":7},"end":{"line":85,"column":20}},{"start":{"line":85,"column":24},"end":{"line":85,"column":58}},{"start":{"line":85,"column":62},"end":{"line":85,"column":95}},{"start":{"line":85,"column":99},"end":{"line":85,"column":107}},{"start":{"line":85,"column":111},"end":{"line":85,"column":123}}],"line":85},"11":{"loc":{"start":{"line":89,"column":3},"end":{"line":91,"column":4}},"type":"if","locations":[{"start":{"line":89,"column":3},"end":{"line":91,"column":4}},{"start":{"line":89,"column":3},"end":{"line":91,"column":4}}],"line":89},"12":{"loc":{"start":{"line":89,"column":7},"end":{"line":89,"column":125}},"type":"binary-expr","locations":[{"start":{"line":89,"column":7},"end":{"line":89,"column":20}},{"start":{"line":89,"column":24},"end":{"line":89,"column":59}},{"start":{"line":89,"column":63},"end":{"line":89,"column":97}},{"start":{"line":89,"column":101},"end":{"line":89,"column":109}},{"start":{"line":89,"column":113},"end":{"line":89,"column":125}}],"line":89},"13":{"loc":{"start":{"line":94,"column":3},"end":{"line":107,"column":4}},"type":"if","locations":[{"start":{"line":94,"column":3},"end":{"line":107,"column":4}},{"start":{"line":94,"column":3},"end":{"line":107,"column":4}}],"line":94},"14":{"loc":{"start":{"line":95,"column":4},"end":{"line":100,"column":5}},"type":"if","locations":[{"start":{"line":95,"column":4},"end":{"line":100,"column":5}},{"start":{"line":95,"column":4},"end":{"line":100,"column":5}}],"line":95},"15":{"loc":{"start":{"line":97,"column":5},"end":{"line":99,"column":6}},"type":"if","locations":[{"start":{"line":97,"column":5},"end":{"line":99,"column":6}},{"start":{"line":97,"column":5},"end":{"line":99,"column":6}}],"line":97},"16":{"loc":{"start":{"line":97,"column":9},"end":{"line":97,"column":110}},"type":"binary-expr","locations":[{"start":{"line":97,"column":9},"end":{"line":97,"column":39}},{"start":{"line":97,"column":43},"end":{"line":97,"column":82}},{"start":{"line":97,"column":86},"end":{"line":97,"column":94}},{"start":{"line":97,"column":98},"end":{"line":97,"column":110}}],"line":97},"17":{"loc":{"start":{"line":101,"column":4},"end":{"line":106,"column":5}},"type":"if","locations":[{"start":{"line":101,"column":4},"end":{"line":106,"column":5}},{"start":{"line":101,"column":4},"end":{"line":106,"column":5}}],"line":101},"18":{"loc":{"start":{"line":103,"column":5},"end":{"line":105,"column":6}},"type":"if","locations":[{"start":{"line":103,"column":5},"end":{"line":105,"column":6}},{"start":{"line":103,"column":5},"end":{"line":105,"column":6}}],"line":103},"19":{"loc":{"start":{"line":103,"column":9},"end":{"line":103,"column":110}},"type":"binary-expr","locations":[{"start":{"line":103,"column":9},"end":{"line":103,"column":39}},{"start":{"line":103,"column":43},"end":{"line":103,"column":82}},{"start":{"line":103,"column":86},"end":{"line":103,"column":94}},{"start":{"line":103,"column":98},"end":{"line":103,"column":110}}],"line":103},"20":{"loc":{"start":{"line":112,"column":3},"end":{"line":122,"column":4}},"type":"if","locations":[{"start":{"line":112,"column":3},"end":{"line":122,"column":4}},{"start":{"line":112,"column":3},"end":{"line":122,"column":4}}],"line":112},"21":{"loc":{"start":{"line":112,"column":7},"end":{"line":112,"column":75}},"type":"binary-expr","locations":[{"start":{"line":112,"column":7},"end":{"line":112,"column":43}},{"start":{"line":112,"column":47},"end":{"line":112,"column":59}},{"start":{"line":112,"column":63},"end":{"line":112,"column":75}}],"line":112},"22":{"loc":{"start":{"line":117,"column":4},"end":{"line":121,"column":5}},"type":"if","locations":[{"start":{"line":117,"column":4},"end":{"line":121,"column":5}},{"start":{"line":117,"column":4},"end":{"line":121,"column":5}}],"line":117},"23":{"loc":{"start":{"line":118,"column":5},"end":{"line":120,"column":6}},"type":"if","locations":[{"start":{"line":118,"column":5},"end":{"line":120,"column":6}},{"start":{"line":118,"column":5},"end":{"line":120,"column":6}}],"line":118},"24":{"loc":{"start":{"line":126,"column":3},"end":{"line":128,"column":4}},"type":"if","locations":[{"start":{"line":126,"column":3},"end":{"line":128,"column":4}},{"start":{"line":126,"column":3},"end":{"line":128,"column":4}}],"line":126},"25":{"loc":{"start":{"line":126,"column":7},"end":{"line":126,"column":123}},"type":"binary-expr","locations":[{"start":{"line":126,"column":7},"end":{"line":126,"column":20}},{"start":{"line":126,"column":24},"end":{"line":126,"column":58}},{"start":{"line":126,"column":62},"end":{"line":126,"column":95}},{"start":{"line":126,"column":99},"end":{"line":126,"column":107}},{"start":{"line":126,"column":111},"end":{"line":126,"column":123}}],"line":126},"26":{"loc":{"start":{"line":130,"column":3},"end":{"line":132,"column":4}},"type":"if","locations":[{"start":{"line":130,"column":3},"end":{"line":132,"column":4}},{"start":{"line":130,"column":3},"end":{"line":132,"column":4}}],"line":130},"27":{"loc":{"start":{"line":130,"column":7},"end":{"line":130,"column":125}},"type":"binary-expr","locations":[{"start":{"line":130,"column":7},"end":{"line":130,"column":20}},{"start":{"line":130,"column":24},"end":{"line":130,"column":59}},{"start":{"line":130,"column":63},"end":{"line":130,"column":97}},{"start":{"line":130,"column":101},"end":{"line":130,"column":109}},{"start":{"line":130,"column":113},"end":{"line":130,"column":125}}],"line":130},"28":{"loc":{"start":{"line":135,"column":3},"end":{"line":148,"column":4}},"type":"if","locations":[{"start":{"line":135,"column":3},"end":{"line":148,"column":4}},{"start":{"line":135,"column":3},"end":{"line":148,"column":4}}],"line":135},"29":{"loc":{"start":{"line":136,"column":4},"end":{"line":141,"column":5}},"type":"if","locations":[{"start":{"line":136,"column":4},"end":{"line":141,"column":5}},{"start":{"line":136,"column":4},"end":{"line":141,"column":5}}],"line":136},"30":{"loc":{"start":{"line":138,"column":5},"end":{"line":140,"column":6}},"type":"if","locations":[{"start":{"line":138,"column":5},"end":{"line":140,"column":6}},{"start":{"line":138,"column":5},"end":{"line":140,"column":6}}],"line":138},"31":{"loc":{"start":{"line":138,"column":9},"end":{"line":138,"column":110}},"type":"binary-expr","locations":[{"start":{"line":138,"column":9},"end":{"line":138,"column":39}},{"start":{"line":138,"column":43},"end":{"line":138,"column":82}},{"start":{"line":138,"column":86},"end":{"line":138,"column":94}},{"start":{"line":138,"column":98},"end":{"line":138,"column":110}}],"line":138},"32":{"loc":{"start":{"line":142,"column":4},"end":{"line":147,"column":5}},"type":"if","locations":[{"start":{"line":142,"column":4},"end":{"line":147,"column":5}},{"start":{"line":142,"column":4},"end":{"line":147,"column":5}}],"line":142},"33":{"loc":{"start":{"line":144,"column":5},"end":{"line":146,"column":6}},"type":"if","locations":[{"start":{"line":144,"column":5},"end":{"line":146,"column":6}},{"start":{"line":144,"column":5},"end":{"line":146,"column":6}}],"line":144},"34":{"loc":{"start":{"line":144,"column":9},"end":{"line":144,"column":110}},"type":"binary-expr","locations":[{"start":{"line":144,"column":9},"end":{"line":144,"column":39}},{"start":{"line":144,"column":43},"end":{"line":144,"column":82}},{"start":{"line":144,"column":86},"end":{"line":144,"column":94}},{"start":{"line":144,"column":98},"end":{"line":144,"column":110}}],"line":144},"35":{"loc":{"start":{"line":162,"column":25},"end":{"line":164,"column":55}},"type":"cond-expr","locations":[{"start":{"line":163,"column":5},"end":{"line":163,"column":55}},{"start":{"line":164,"column":5},"end":{"line":164,"column":55}}],"line":162}},"s":{"0":300,"1":300,"2":300,"3":0,"4":0,"5":0,"6":0,"7":0,"8":0,"9":0,"10":0,"11":0,"12":0,"13":0,"14":0,"15":0,"16":0,"17":0,"18":0,"19":0,"20":0,"21":0,"22":0,"23":0,"24":0,"25":0,"26":0,"27":0,"28":0,"29":0,"30":0,"31":0,"32":0,"33":0,"34":0,"35":0,"36":0,"37":0,"38":0,"39":0,"40":0,"41":0,"42":0,"43":0,"44":0,"45":0,"46":0,"47":0,"48":0,"49":0,"50":0,"51":0,"52":0,"53":0,"54":0,"55":0,"56":0,"57":0,"58":0,"59":0,"60":0,"61":0,"62":0,"63":0,"64":15,"65":15,"66":15,"67":15,"68":15,"69":15},"f":{"0":300,"1":0,"2":0,"3":0,"4":15},"b":{"0":[0,0],"1":[0,0],"2":[0,0],"3":[0,0],"4":[0,0],"5":[0,0],"6":[0,0,0],"7":[0,0],"8":[0,0],"9":[0,0],"10":[0,0,0,0,0],"11":[0,0],"12":[0,0,0,0,0],"13":[0,0],"14":[0,0],"15":[0,0],"16":[0,0,0,0],"17":[0,0],"18":[0,0],"19":[0,0,0,0],"20":[0,0],"21":[0,0,0],"22":[0,0],"23":[0,0],"24":[0,0],"25":[0,0,0,0,0],"26":[0,0],"27":[0,0,0,0,0],"28":[0,0],"29":[0,0],"30":[0,0],"31":[0,0,0,0],"32":[0,0],"33":[0,0],"34":[0,0,0,0],"35":[0,15]},"_coverageSchema":"1a1c01bbd47fc00a2c39e90264f33305004495a9","hash":"b10a47727ec402655aa71158e833782cde70a649"}
,"/Users/pjmotz/GitHub/github-pages/src/lib/games/chess/pieces/piece.ts": {"path":"/Users/pjmotz/GitHub/github-pages/src/lib/games/chess/pieces/piece.ts","statementMap":{"0":{"start":{"line":20,"column":2},"end":{"line":20,"column":22}},"1":{"start":{"line":21,"column":2},"end":{"line":21,"column":36}},"2":{"start":{"line":22,"column":2},"end":{"line":22,"column":20}},"3":{"start":{"line":23,"column":2},"end":{"line":23,"column":20}},"4":{"start":{"line":24,"column":2},"end":{"line":24,"column":16}},"5":{"start":{"line":25,"column":2},"end":{"line":25,"column":22}},"6":{"start":{"line":33,"column":2},"end":{"line":33,"column":21}},"7":{"start":{"line":41,"column":2},"end":{"line":43,"column":3}},"8":{"start":{"line":42,"column":3},"end":{"line":42,"column":23}},"9":{"start":{"line":51,"column":2},"end":{"line":51,"column":20}},"10":{"start":{"line":59,"column":2},"end":{"line":61,"column":3}},"11":{"start":{"line":60,"column":3},"end":{"line":60,"column":21}},"12":{"start":{"line":70,"column":2},"end":{"line":70,"column":20}},"13":{"start":{"line":78,"column":2},"end":{"line":80,"column":3}},"14":{"start":{"line":79,"column":3},"end":{"line":79,"column":21}},"15":{"start":{"line":88,"column":2},"end":{"line":88,"column":18}},"16":{"start":{"line":96,"column":2},"end":{"line":96,"column":16}},"17":{"start":{"line":104,"column":2},"end":{"line":104,"column":24}},"18":{"start":{"line":112,"column":2},"end":{"line":112,"column":36}},"19":{"start":{"line":120,"column":2},"end":{"line":120,"column":28}},"20":{"start":{"line":136,"column":13},"end":{"line":136,"column":22}},"21":{"start":{"line":137,"column":13},"end":{"line":137,"column":22}},"22":{"start":{"line":138,"column":30},"end":{"line":138,"column":65}},"23":{"start":{"line":139,"column":2},"end":{"line":141,"column":3}},"24":{"start":{"line":140,"column":3},"end":{"line":140,"column":15}},"25":{"start":{"line":142,"column":20},"end":{"line":142,"column":38}},"26":{"start":{"line":143,"column":2},"end":{"line":145,"column":3}},"27":{"start":{"line":144,"column":3},"end":{"line":144,"column":15}},"28":{"start":{"line":146,"column":21},"end":{"line":150,"column":3}},"29":{"start":{"line":152,"column":2},"end":{"line":169,"column":3}},"30":{"start":{"line":153,"column":18},"end":{"line":153,"column":25}},"31":{"start":{"line":154,"column":3},"end":{"line":166,"column":4}},"32":{"start":{"line":155,"column":4},"end":{"line":155,"column":14}},"33":{"start":{"line":156,"column":4},"end":{"line":156,"column":14}},"34":{"start":{"line":157,"column":40},"end":{"line":157,"column":75}},"35":{"start":{"line":158,"column":4},"end":{"line":165,"column":5}},"36":{"start":{"line":159,"column":5},"end":{"line":164,"column":6}},"37":{"start":{"line":160,"column":6},"end":{"line":160,"column":21}},"38":{"start":{"line":163,"column":6},"end":{"line":163,"column":12}},"39":{"start":{"line":167,"column":3},"end":{"line":167,"column":20}},"40":{"start":{"line":168,"column":3},"end":{"line":168,"column":20}},"41":{"start":{"line":171,"column":2},"end":{"line":171,"column":14}},"42":{"start":{"line":179,"column":13},"end":{"line":179,"column":51}},"43":{"start":{"line":180,"column":2},"end":{"line":223,"column":3}},"44":{"start":{"line":181,"column":3},"end":{"line":181,"column":10}},"45":{"start":{"line":185,"column":14},"end":{"line":185,"column":23}},"46":{"start":{"line":186,"column":14},"end":{"line":186,"column":23}},"47":{"start":{"line":187,"column":13},"end":{"line":187,"column":41}},"48":{"start":{"line":188,"column":13},"end":{"line":188,"column":41}},"49":{"start":{"line":191,"column":3},"end":{"line":222,"column":4}},"50":{"start":{"line":192,"column":4},"end":{"line":204,"column":5}},"51":{"start":{"line":193,"column":5},"end":{"line":193,"column":15}},"52":{"start":{"line":194,"column":5},"end":{"line":194,"column":15}},"53":{"start":{"line":195,"column":39},"end":{"line":195,"column":74}},"54":{"start":{"line":196,"column":5},"end":{"line":203,"column":6}},"55":{"start":{"line":197,"column":6},"end":{"line":202,"column":7}},"56":{"start":{"line":198,"column":7},"end":{"line":198,"column":21}},"57":{"start":{"line":201,"column":7},"end":{"line":201,"column":13}},"58":{"start":{"line":209,"column":4},"end":{"line":221,"column":5}},"59":{"start":{"line":210,"column":5},"end":{"line":210,"column":15}},"60":{"start":{"line":211,"column":5},"end":{"line":211,"column":15}},"61":{"start":{"line":212,"column":39},"end":{"line":212,"column":74}},"62":{"start":{"line":213,"column":5},"end":{"line":220,"column":6}},"63":{"start":{"line":214,"column":6},"end":{"line":219,"column":7}},"64":{"start":{"line":215,"column":7},"end":{"line":215,"column":21}},"65":{"start":{"line":218,"column":7},"end":{"line":218,"column":13}}},"fnMap":{"0":{"name":"(anonymous_0)","decl":{"start":{"line":19,"column":1},"end":{"line":19,"column":2}},"loc":{"start":{"line":19,"column":66},"end":{"line":26,"column":2}},"line":19},"1":{"name":"(anonymous_1)","decl":{"start":{"line":32,"column":1},"end":{"line":32,"column":2}},"loc":{"start":{"line":32,"column":25},"end":{"line":34,"column":2}},"line":32},"2":{"name":"(anonymous_2)","decl":{"start":{"line":40,"column":1},"end":{"line":40,"column":2}},"loc":{"start":{"line":40,"column":30},"end":{"line":44,"column":2}},"line":40},"3":{"name":"(anonymous_3)","decl":{"start":{"line":50,"column":1},"end":{"line":50,"column":2}},"loc":{"start":{"line":50,"column":20},"end":{"line":52,"column":2}},"line":50},"4":{"name":"(anonymous_4)","decl":{"start":{"line":58,"column":1},"end":{"line":58,"column":2}},"loc":{"start":{"line":58,"column":24},"end":{"line":62,"column":2}},"line":58},"5":{"name":"(anonymous_5)","decl":{"start":{"line":69,"column":1},"end":{"line":69,"column":2}},"loc":{"start":{"line":69,"column":20},"end":{"line":71,"column":2}},"line":69},"6":{"name":"(anonymous_6)","decl":{"start":{"line":77,"column":1},"end":{"line":77,"column":2}},"loc":{"start":{"line":77,"column":16},"end":{"line":81,"column":2}},"line":77},"7":{"name":"(anonymous_7)","decl":{"start":{"line":87,"column":1},"end":{"line":87,"column":2}},"loc":{"start":{"line":87,"column":18},"end":{"line":89,"column":2}},"line":87},"8":{"name":"(anonymous_8)","decl":{"start":{"line":95,"column":1},"end":{"line":95,"column":2}},"loc":{"start":{"line":95,"column":12},"end":{"line":97,"column":2}},"line":95},"9":{"name":"(anonymous_9)","decl":{"start":{"line":103,"column":1},"end":{"line":103,"column":2}},"loc":{"start":{"line":103,"column":24},"end":{"line":105,"column":2}},"line":103},"10":{"name":"(anonymous_10)","decl":{"start":{"line":111,"column":1},"end":{"line":111,"column":2}},"loc":{"start":{"line":111,"column":51},"end":{"line":113,"column":2}},"line":111},"11":{"name":"(anonymous_11)","decl":{"start":{"line":119,"column":1},"end":{"line":119,"column":2}},"loc":{"start":{"line":119,"column":39},"end":{"line":121,"column":2}},"line":119},"12":{"name":"(anonymous_12)","decl":{"start":{"line":135,"column":1},"end":{"line":135,"column":2}},"loc":{"start":{"line":135,"column":72},"end":{"line":172,"column":2}},"line":135},"13":{"name":"(anonymous_13)","decl":{"start":{"line":178,"column":1},"end":{"line":178,"column":2}},"loc":{"start":{"line":178,"column":76},"end":{"line":224,"column":2}},"line":178}},"branchMap":{"0":{"loc":{"start":{"line":41,"column":2},"end":{"line":43,"column":3}},"type":"if","locations":[{"start":{"line":41,"column":2},"end":{"line":43,"column":3}},{"start":{"line":41,"column":2},"end":{"line":43,"column":3}}],"line":41},"1":{"loc":{"start":{"line":41,"column":6},"end":{"line":41,"column":44}},"type":"binary-expr","locations":[{"start":{"line":41,"column":6},"end":{"line":41,"column":23}},{"start":{"line":41,"column":27},"end":{"line":41,"column":44}}],"line":41},"2":{"loc":{"start":{"line":59,"column":2},"end":{"line":61,"column":3}},"type":"if","locations":[{"start":{"line":59,"column":2},"end":{"line":61,"column":3}},{"start":{"line":59,"column":2},"end":{"line":61,"column":3}}],"line":59},"3":{"loc":{"start":{"line":59,"column":6},"end":{"line":59,"column":26}},"type":"binary-expr","locations":[{"start":{"line":59,"column":6},"end":{"line":59,"column":14}},{"start":{"line":59,"column":18},"end":{"line":59,"column":26}}],"line":59},"4":{"loc":{"start":{"line":78,"column":2},"end":{"line":80,"column":3}},"type":"if","locations":[{"start":{"line":78,"column":2},"end":{"line":80,"column":3}},{"start":{"line":78,"column":2},"end":{"line":80,"column":3}}],"line":78},"5":{"loc":{"start":{"line":78,"column":6},"end":{"line":78,"column":26}},"type":"binary-expr","locations":[{"start":{"line":78,"column":6},"end":{"line":78,"column":14}},{"start":{"line":78,"column":18},"end":{"line":78,"column":26}}],"line":78},"6":{"loc":{"start":{"line":139,"column":2},"end":{"line":141,"column":3}},"type":"if","locations":[{"start":{"line":139,"column":2},"end":{"line":141,"column":3}},{"start":{"line":139,"column":2},"end":{"line":141,"column":3}}],"line":139},"7":{"loc":{"start":{"line":143,"column":2},"end":{"line":145,"column":3}},"type":"if","locations":[{"start":{"line":143,"column":2},"end":{"line":145,"column":3}},{"start":{"line":143,"column":2},"end":{"line":145,"column":3}}],"line":143},"8":{"loc":{"start":{"line":154,"column":10},"end":{"line":154,"column":74}},"type":"binary-expr","locations":[{"start":{"line":154,"column":10},"end":{"line":154,"column":23}},{"start":{"line":154,"column":27},"end":{"line":154,"column":40}},{"start":{"line":154,"column":44},"end":{"line":154,"column":57}},{"start":{"line":154,"column":61},"end":{"line":154,"column":74}}],"line":154},"9":{"loc":{"start":{"line":158,"column":4},"end":{"line":165,"column":5}},"type":"if","locations":[{"start":{"line":158,"column":4},"end":{"line":165,"column":5}},{"start":{"line":158,"column":4},"end":{"line":165,"column":5}}],"line":158},"10":{"loc":{"start":{"line":159,"column":5},"end":{"line":164,"column":6}},"type":"if","locations":[{"start":{"line":159,"column":5},"end":{"line":164,"column":6}},{"start":{"line":159,"column":5},"end":{"line":164,"column":6}}],"line":159},"11":{"loc":{"start":{"line":159,"column":9},"end":{"line":159,"column":81}},"type":"binary-expr","locations":[{"start":{"line":159,"column":9},"end":{"line":159,"column":43}},{"start":{"line":159,"column":47},"end":{"line":159,"column":81}}],"line":159},"12":{"loc":{"start":{"line":180,"column":2},"end":{"line":223,"column":3}},"type":"if","locations":[{"start":{"line":180,"column":2},"end":{"line":223,"column":3}},{"start":{"line":180,"column":2},"end":{"line":223,"column":3}}],"line":180},"13":{"loc":{"start":{"line":187,"column":13},"end":{"line":187,"column":41}},"type":"cond-expr","locations":[{"start":{"line":187,"column":27},"end":{"line":187,"column":32}},{"start":{"line":187,"column":35},"end":{"line":187,"column":41}}],"line":187},"14":{"loc":{"start":{"line":188,"column":13},"end":{"line":188,"column":41}},"type":"cond-expr","locations":[{"start":{"line":188,"column":27},"end":{"line":188,"column":32}},{"start":{"line":188,"column":35},"end":{"line":188,"column":41}}],"line":188},"15":{"loc":{"start":{"line":191,"column":3},"end":{"line":222,"column":4}},"type":"if","locations":[{"start":{"line":191,"column":3},"end":{"line":222,"column":4}},{"start":{"line":191,"column":3},"end":{"line":222,"column":4}}],"line":191},"16":{"loc":{"start":{"line":192,"column":11},"end":{"line":192,"column":75}},"type":"binary-expr","locations":[{"start":{"line":192,"column":11},"end":{"line":192,"column":24}},{"start":{"line":192,"column":28},"end":{"line":192,"column":41}},{"start":{"line":192,"column":45},"end":{"line":192,"column":58}},{"start":{"line":192,"column":62},"end":{"line":192,"column":75}}],"line":192},"17":{"loc":{"start":{"line":196,"column":5},"end":{"line":203,"column":6}},"type":"if","locations":[{"start":{"line":196,"column":5},"end":{"line":203,"column":6}},{"start":{"line":196,"column":5},"end":{"line":203,"column":6}}],"line":196},"18":{"loc":{"start":{"line":197,"column":6},"end":{"line":202,"column":7}},"type":"if","locations":[{"start":{"line":197,"column":6},"end":{"line":202,"column":7}},{"start":{"line":197,"column":6},"end":{"line":202,"column":7}}],"line":197},"19":{"loc":{"start":{"line":197,"column":10},"end":{"line":197,"column":116}},"type":"binary-expr","locations":[{"start":{"line":197,"column":10},"end":{"line":197,"column":42}},{"start":{"line":197,"column":47},"end":{"line":197,"column":79}},{"start":{"line":197,"column":83},"end":{"line":197,"column":115}}],"line":197},"20":{"loc":{"start":{"line":209,"column":11},"end":{"line":209,"column":75}},"type":"binary-expr","locations":[{"start":{"line":209,"column":11},"end":{"line":209,"column":24}},{"start":{"line":209,"column":28},"end":{"line":209,"column":41}},{"start":{"line":209,"column":45},"end":{"line":209,"column":58}},{"start":{"line":209,"column":62},"end":{"line":209,"column":75}}],"line":209},"21":{"loc":{"start":{"line":213,"column":5},"end":{"line":220,"column":6}},"type":"if","locations":[{"start":{"line":213,"column":5},"end":{"line":220,"column":6}},{"start":{"line":213,"column":5},"end":{"line":220,"column":6}}],"line":213},"22":{"loc":{"start":{"line":214,"column":6},"end":{"line":219,"column":7}},"type":"if","locations":[{"start":{"line":214,"column":6},"end":{"line":219,"column":7}},{"start":{"line":214,"column":6},"end":{"line":219,"column":7}}],"line":214},"23":{"loc":{"start":{"line":214,"column":10},"end":{"line":214,"column":116}},"type":"binary-expr","locations":[{"start":{"line":214,"column":10},"end":{"line":214,"column":42}},{"start":{"line":214,"column":47},"end":{"line":214,"column":79}},{"start":{"line":214,"column":83},"end":{"line":214,"column":115}}],"line":214}},"s":{"0":711,"1":711,"2":711,"3":711,"4":711,"5":711,"6":111,"7":0,"8":0,"9":172,"10":0,"11":0,"12":178,"13":0,"14":0,"15":21,"16":0,"17":0,"18":0,"19":33,"20":1,"21":1,"22":1,"23":1,"24":0,"25":1,"26":1,"27":0,"28":1,"29":1,"30":8,"31":8,"32":23,"33":23,"34":23,"35":23,"36":0,"37":0,"38":0,"39":8,"40":8,"41":1,"42":1,"43":1,"44":1,"45":0,"46":0,"47":0,"48":0,"49":0,"50":0,"51":0,"52":0,"53":0,"54":0,"55":0,"56":0,"57":0,"58":0,"59":0,"60":0,"61":0,"62":0,"63":0,"64":0,"65":0},"f":{"0":711,"1":111,"2":0,"3":172,"4":0,"5":178,"6":0,"7":21,"8":0,"9":0,"10":0,"11":33,"12":1,"13":1},"b":{"0":[0,0],"1":[0,0],"2":[0,0],"3":[0,0],"4":[0,0],"5":[0,0],"6":[0,1],"7":[0,1],"8":[31,29,27,24],"9":[0,23],"10":[0,0],"11":[0,0],"12":[1,0],"13":[0,0],"14":[0,0],"15":[0,0],"16":[0,0,0,0],"17":[0,0],"18":[0,0],"19":[0,0,0],"20":[0,0,0,0],"21":[0,0],"22":[0,0],"23":[0,0,0]},"_coverageSchema":"1a1c01bbd47fc00a2c39e90264f33305004495a9","hash":"3a5a973d4d12f2a763a6f69230c4983d5d008a9b"}
,"/Users/pjmotz/GitHub/github-pages/src/lib/games/chess/pieces/queen.ts": {"path":"/Users/pjmotz/GitHub/github-pages/src/lib/games/chess/pieces/queen.ts","statementMap":{"0":{"start":{"line":10,"column":2},"end":{"line":10,"column":49}},"1":{"start":{"line":11,"column":2},"end":{"line":20,"column":4}},"2":{"start":{"line":21,"column":2},"end":{"line":21,"column":33}},"3":{"start":{"line":30,"column":2},"end":{"line":30,"column":66}},"4":{"start":{"line":39,"column":2},"end":{"line":39,"column":77}}},"fnMap":{"0":{"name":"(anonymous_0)","decl":{"start":{"line":9,"column":1},"end":{"line":9,"column":2}},"loc":{"start":{"line":9,"column":66},"end":{"line":22,"column":2}},"line":9},"1":{"name":"(anonymous_1)","decl":{"start":{"line":29,"column":1},"end":{"line":29,"column":2}},"loc":{"start":{"line":29,"column":52},"end":{"line":31,"column":2}},"line":29},"2":{"name":"(anonymous_2)","decl":{"start":{"line":38,"column":1},"end":{"line":38,"column":2}},"loc":{"start":{"line":38,"column":67},"end":{"line":40,"column":2}},"line":38}},"branchMap":{},"s":{"0":46,"1":46,"2":46,"3":0,"4":10},"f":{"0":46,"1":0,"2":10},"b":{},"_coverageSchema":"1a1c01bbd47fc00a2c39e90264f33305004495a9","hash":"d24bca0a347d3a8f1f898fa3836936ab60b04090"}
,"/Users/pjmotz/GitHub/github-pages/src/lib/games/chess/pieces/rangedPiece.ts": {"path":"/Users/pjmotz/GitHub/github-pages/src/lib/games/chess/pieces/rangedPiece.ts","statementMap":{"0":{"start":{"line":6,"column":2},"end":{"line":6,"column":49}},"1":{"start":{"line":21,"column":28},"end":{"line":21,"column":30}},"2":{"start":{"line":23,"column":15},"end":{"line":23,"column":25}},"3":{"start":{"line":24,"column":15},"end":{"line":24,"column":25}},"4":{"start":{"line":26,"column":23},"end":{"line":26,"column":60}},"5":{"start":{"line":28,"column":2},"end":{"line":34,"column":3}},"6":{"start":{"line":29,"column":3},"end":{"line":31,"column":4}},"7":{"start":{"line":30,"column":4},"end":{"line":30,"column":99}},"8":{"start":{"line":33,"column":3},"end":{"line":33,"column":16}},"9":{"start":{"line":36,"column":53},"end":{"line":36,"column":65}},"10":{"start":{"line":37,"column":30},"end":{"line":37,"column":53}},"11":{"start":{"line":38,"column":30},"end":{"line":38,"column":53}},"12":{"start":{"line":40,"column":2},"end":{"line":45,"column":3}},"13":{"start":{"line":41,"column":3},"end":{"line":44,"column":4}},"14":{"start":{"line":43,"column":4},"end":{"line":43,"column":99}},"15":{"start":{"line":47,"column":2},"end":{"line":47,"column":15}},"16":{"start":{"line":61,"column":16},"end":{"line":61,"column":18}},"17":{"start":{"line":62,"column":2},"end":{"line":73,"column":3}},"18":{"start":{"line":63,"column":3},"end":{"line":63,"column":13}},"19":{"start":{"line":64,"column":3},"end":{"line":64,"column":13}},"20":{"start":{"line":65,"column":39},"end":{"line":65,"column":74}},"21":{"start":{"line":66,"column":3},"end":{"line":71,"column":4}},"22":{"start":{"line":67,"column":4},"end":{"line":69,"column":5}},"23":{"start":{"line":68,"column":5},"end":{"line":68,"column":30}},"24":{"start":{"line":70,"column":4},"end":{"line":70,"column":10}},"25":{"start":{"line":72,"column":3},"end":{"line":72,"column":28}},"26":{"start":{"line":75,"column":2},"end":{"line":75,"column":15}},"27":{"start":{"line":85,"column":27},"end":{"line":85,"column":29}},"28":{"start":{"line":87,"column":15},"end":{"line":87,"column":24}},"29":{"start":{"line":88,"column":15},"end":{"line":88,"column":24}},"30":{"start":{"line":90,"column":2},"end":{"line":92,"column":3}},"31":{"start":{"line":91,"column":3},"end":{"line":91,"column":108}},"32":{"start":{"line":94,"column":2},"end":{"line":94,"column":26}}},"fnMap":{"0":{"name":"(anonymous_0)","decl":{"start":{"line":5,"column":1},"end":{"line":5,"column":2}},"loc":{"start":{"line":5,"column":66},"end":{"line":7,"column":2}},"line":5},"1":{"name":"(anonymous_1)","decl":{"start":{"line":20,"column":1},"end":{"line":20,"column":2}},"loc":{"start":{"line":20,"column":90},"end":{"line":48,"column":2}},"line":20},"2":{"name":"(anonymous_2)","decl":{"start":{"line":60,"column":1},"end":{"line":60,"column":2}},"loc":{"start":{"line":60,"column":133},"end":{"line":76,"column":2}},"line":60},"3":{"name":"(anonymous_3)","decl":{"start":{"line":84,"column":1},"end":{"line":84,"column":2}},"loc":{"start":{"line":84,"column":101},"end":{"line":95,"column":2}},"line":84}},"branchMap":{"0":{"loc":{"start":{"line":28,"column":2},"end":{"line":34,"column":3}},"type":"if","locations":[{"start":{"line":28,"column":2},"end":{"line":34,"column":3}},{"start":{"line":28,"column":2},"end":{"line":34,"column":3}}],"line":28},"1":{"loc":{"start":{"line":41,"column":3},"end":{"line":44,"column":4}},"type":"if","locations":[{"start":{"line":41,"column":3},"end":{"line":44,"column":4}},{"start":{"line":41,"column":3},"end":{"line":44,"column":4}}],"line":41},"2":{"loc":{"start":{"line":41,"column":7},"end":{"line":42,"column":82}},"type":"binary-expr","locations":[{"start":{"line":41,"column":8},"end":{"line":41,"column":43}},{"start":{"line":41,"column":47},"end":{"line":41,"column":82}},{"start":{"line":42,"column":5},"end":{"line":42,"column":41}},{"start":{"line":42,"column":45},"end":{"line":42,"column":81}}],"line":41},"3":{"loc":{"start":{"line":62,"column":9},"end":{"line":62,"column":73}},"type":"binary-expr","locations":[{"start":{"line":62,"column":9},"end":{"line":62,"column":22}},{"start":{"line":62,"column":26},"end":{"line":62,"column":39}},{"start":{"line":62,"column":43},"end":{"line":62,"column":56}},{"start":{"line":62,"column":60},"end":{"line":62,"column":73}}],"line":62},"4":{"loc":{"start":{"line":66,"column":3},"end":{"line":71,"column":4}},"type":"if","locations":[{"start":{"line":66,"column":3},"end":{"line":71,"column":4}},{"start":{"line":66,"column":3},"end":{"line":71,"column":4}}],"line":66},"5":{"loc":{"start":{"line":67,"column":4},"end":{"line":69,"column":5}},"type":"if","locations":[{"start":{"line":67,"column":4},"end":{"line":69,"column":5}},{"start":{"line":67,"column":4},"end":{"line":69,"column":5}}],"line":67},"6":{"loc":{"start":{"line":67,"column":8},"end":{"line":67,"column":57}},"type":"binary-expr","locations":[{"start":{"line":67,"column":8},"end":{"line":67,"column":19}},{"start":{"line":67,"column":23},"end":{"line":67,"column":57}}],"line":67}},"s":{"0":221,"1":1,"2":1,"3":1,"4":1,"5":1,"6":1,"7":4,"8":1,"9":0,"10":0,"11":0,"12":0,"13":0,"14":0,"15":0,"16":164,"17":164,"18":392,"19":392,"20":392,"21":392,"22":43,"23":43,"24":43,"25":349,"26":164,"27":30,"28":30,"29":30,"30":30,"31":160,"32":30},"f":{"0":221,"1":1,"2":164,"3":30},"b":{"0":[1,0],"1":[0,0],"2":[0,0,0,0],"3":[513,500,453,420],"4":[43,349],"5":[43,0],"6":[43,0]},"_coverageSchema":"1a1c01bbd47fc00a2c39e90264f33305004495a9","hash":"53cf63d520e031a07c263c22bb1b1cb1cc645aab"}
,"/Users/pjmotz/GitHub/github-pages/src/lib/games/chess/pieces/rook.ts": {"path":"/Users/pjmotz/GitHub/github-pages/src/lib/games/chess/pieces/rook.ts","statementMap":{"0":{"start":{"line":11,"column":2},"end":{"line":11,"column":49}},"1":{"start":{"line":12,"column":2},"end":{"line":17,"column":4}},"2":{"start":{"line":18,"column":2},"end":{"line":18,"column":37}},"3":{"start":{"line":19,"column":2},"end":{"line":19,"column":32}},"4":{"start":{"line":26,"column":2},"end":{"line":26,"column":24}},"5":{"start":{"line":33,"column":2},"end":{"line":33,"column":28}},"6":{"start":{"line":42,"column":2},"end":{"line":42,"column":65}},"7":{"start":{"line":51,"column":2},"end":{"line":51,"column":76}}},"fnMap":{"0":{"name":"(anonymous_0)","decl":{"start":{"line":10,"column":1},"end":{"line":10,"column":2}},"loc":{"start":{"line":10,"column":76},"end":{"line":20,"column":2}},"line":10},"1":{"name":"(anonymous_1)","decl":{"start":{"line":25,"column":1},"end":{"line":25,"column":2}},"loc":{"start":{"line":25,"column":25},"end":{"line":27,"column":2}},"line":25},"2":{"name":"(anonymous_2)","decl":{"start":{"line":32,"column":1},"end":{"line":32,"column":2}},"loc":{"start":{"line":32,"column":24},"end":{"line":34,"column":2}},"line":32},"3":{"name":"(anonymous_3)","decl":{"start":{"line":41,"column":1},"end":{"line":41,"column":2}},"loc":{"start":{"line":41,"column":52},"end":{"line":43,"column":2}},"line":41},"4":{"name":"(anonymous_4)","decl":{"start":{"line":50,"column":1},"end":{"line":50,"column":2}},"loc":{"start":{"line":50,"column":58},"end":{"line":52,"column":2}},"line":50}},"branchMap":{"0":{"loc":{"start":{"line":18,"column":19},"end":{"line":18,"column":36}},"type":"binary-expr","locations":[{"start":{"line":18,"column":19},"end":{"line":18,"column":27}},{"start":{"line":18,"column":31},"end":{"line":18,"column":36}}],"line":18}},"s":{"0":82,"1":82,"2":82,"3":82,"4":4,"5":0,"6":1,"7":13},"f":{"0":82,"1":4,"2":0,"3":1,"4":13},"b":{"0":[82,82]},"_coverageSchema":"1a1c01bbd47fc00a2c39e90264f33305004495a9","hash":"ec23088fb175fa8c9f6245cfa4dc0892142ebe88"}
}
