TN:
SF:src/lib/games/chess/checkingHelpers.ts
FN:4,(anonymous_0)
FN:12,(anonymous_1)
FN:16,(anonymous_2)
FN:27,(anonymous_3)
FN:39,(anonymous_4)
FN:74,(anonymous_5)
FN:75,(anonymous_6)
FN:78,(anonymous_7)
FN:79,(anonymous_8)
FN:80,(anonymous_9)
FN:86,(anonymous_10)
FN:120,(anonymous_11)
FN:133,(anonymous_12)
FN:134,(anonymous_13)
FN:146,(anonymous_14)
FN:165,(anonymous_15)
FNF:16
FNH:9
FNDA:3,(anonymous_0)
FNDA:0,(anonymous_1)
FNDA:3,(anonymous_2)
FNDA:60,(anonymous_3)
FNDA:10,(anonymous_4)
FNDA:8,(anonymous_5)
FNDA:107,(anonymous_6)
FNDA:3,(anonymous_7)
FNDA:6,(anonymous_8)
FNDA:21,(anonymous_9)
FNDA:0,(anonymous_10)
FNDA:0,(anonymous_11)
FNDA:0,(anonymous_12)
FNDA:0,(anonymous_13)
FNDA:0,(anonymous_14)
FNDA:0,(anonymous_15)
DA:4,3
DA:5,3
DA:6,3
DA:12,3
DA:13,0
DA:16,3
DA:21,3
DA:22,3
DA:24,3
DA:25,15
DA:26,9
DA:27,3
DA:28,60
DA:30,1
DA:36,3
DA:39,3
DA:40,10
DA:41,10
DA:43,10
DA:44,10
DA:46,10
DA:47,1
DA:50,9
DA:52,9
DA:57,9
DA:58,9
DA:59,9
DA:61,9
DA:62,27
DA:63,27
DA:64,27
DA:67,9
DA:68,0
DA:71,9
DA:74,3
DA:75,107
DA:78,3
DA:79,3
DA:80,6
DA:81,21
DA:86,3
DA:93,0
DA:94,0
DA:97,0
DA:98,0
DA:104,0
DA:105,0
DA:107,0
DA:108,0
DA:110,0
DA:111,0
DA:113,0
DA:120,0
DA:121,0
DA:123,0
DA:124,0
DA:128,0
DA:129,0
DA:131,0
DA:133,0
DA:134,0
DA:135,0
DA:139,0
DA:140,0
DA:145,0
DA:146,0
DA:147,0
DA:148,0
DA:151,0
DA:154,0
DA:159,0
DA:162,0
DA:165,3
DA:170,0
DA:172,0
DA:173,0
DA:176,0
DA:177,0
DA:178,0
DA:179,0
DA:186,0
DA:192,0
LF:82
LH:40
BRDA:26,0,0,3
BRDA:26,0,1,6
BRDA:26,1,0,9
BRDA:26,1,1,3
BRDA:27,2,0,1
BRDA:27,2,1,2
BRDA:28,3,0,60
BRDA:28,3,1,13
BRDA:46,4,0,1
BRDA:46,4,1,9
BRDA:46,5,0,10
BRDA:46,5,1,7
BRDA:46,5,2,5
BRDA:67,6,0,0
BRDA:67,6,1,9
BRDA:75,7,0,107
BRDA:75,7,1,33
BRDA:81,8,0,21
BRDA:81,8,1,5
BRDA:93,9,0,0
BRDA:93,9,1,0
BRDA:97,10,0,0
BRDA:97,10,1,0
BRDA:107,11,0,0
BRDA:107,11,1,0
BRDA:113,12,0,0
BRDA:113,12,1,0
BRDA:121,13,0,0
BRDA:121,13,1,0
BRDA:123,14,0,0
BRDA:123,14,1,0
BRDA:128,15,0,0
BRDA:128,15,1,0
BRDA:128,16,0,0
BRDA:128,16,1,0
BRDA:135,17,0,0
BRDA:135,17,1,0
BRDA:139,18,0,0
BRDA:139,18,1,0
BRDA:145,19,0,0
BRDA:145,19,1,0
BRDA:147,20,0,0
BRDA:147,20,1,0
BRDA:147,21,0,0
BRDA:147,21,1,0
BRDA:147,21,2,0
BRDA:172,22,0,0
BRDA:172,22,1,0
BRDA:177,23,0,0
BRDA:177,23,1,0
BRDA:179,24,0,0
BRDA:179,24,1,0
BRF:52
BRH:18
end_of_record
TN:
SF:src/lib/games/chess/drawHelpers.ts
FN:5,(anonymous_0)
FN:25,(anonymous_1)
FN:27,(anonymous_2)
FN:30,(anonymous_3)
FN:32,(anonymous_4)
FN:35,(anonymous_5)
FN:47,(anonymous_6)
FN:49,(anonymous_7)
FN:52,(anonymous_8)
FN:54,(anonymous_9)
FN:58,(anonymous_10)
FN:63,(anonymous_11)
FNF:12
FNH:12
FNDA:3,(anonymous_0)
FNDA:9,(anonymous_1)
FNDA:32,(anonymous_2)
FNDA:8,(anonymous_3)
FNDA:15,(anonymous_4)
FNDA:7,(anonymous_5)
FNDA:7,(anonymous_6)
FNDA:12,(anonymous_7)
FNDA:5,(anonymous_8)
FNDA:9,(anonymous_9)
FNDA:5,(anonymous_10)
FNDA:1,(anonymous_11)
DA:5,1
DA:6,3
DA:8,3
DA:9,1
DA:12,2
DA:13,6
DA:14,3
DA:15,2
DA:16,1
DA:22,1
DA:25,1
DA:26,9
DA:27,32
DA:30,1
DA:31,8
DA:32,15
DA:35,1
DA:36,7
DA:38,7
DA:39,8
DA:40,4
DA:44,3
DA:47,1
DA:48,7
DA:49,12
DA:52,1
DA:53,5
DA:54,9
DA:58,5
DA:63,1
DA:64,1
DA:66,1
DA:67,8
DA:68,64
DA:72,1
LF:35
LH:35
BRDA:8,0,0,1
BRDA:8,0,1,2
BRDA:13,1,0,3
BRDA:13,1,1,3
BRDA:15,2,0,1
BRDA:15,2,1,1
BRDA:27,3,0,32
BRDA:27,3,1,7
BRDA:32,4,0,15
BRDA:32,4,1,5
BRDA:39,5,0,4
BRDA:39,5,1,4
BRDA:49,6,0,12
BRDA:49,6,1,8
BRDA:49,6,2,4
BRDA:54,7,0,9
BRDA:54,7,1,4
BRDA:54,7,2,4
BRDA:54,7,3,3
BRDA:58,8,0,5
BRDA:58,8,1,4
BRDA:58,8,2,3
BRDA:58,8,3,2
BRDA:68,9,0,32
BRDA:68,9,1,32
BRF:25
BRH:25
end_of_record
TN:
SF:src/lib/games/chess/helpers.ts
FN:10,(anonymous_0)
FN:19,(anonymous_1)
FN:33,(anonymous_2)
FN:42,(anonymous_3)
FN:62,(anonymous_4)
FN:67,(anonymous_5)
FN:70,(anonymous_6)
FN:86,(anonymous_7)
FN:123,(anonymous_8)
FN:166,(anonymous_9)
FN:167,(anonymous_10)
FN:179,(anonymous_11)
FN:182,(anonymous_12)
FN:185,(anonymous_13)
FNF:14
FNH:7
FNDA:32,(anonymous_0)
FNDA:2,(anonymous_1)
FNDA:72,(anonymous_2)
FNDA:0,(anonymous_3)
FNDA:4,(anonymous_4)
FNDA:0,(anonymous_5)
FNDA:4,(anonymous_6)
FNDA:2,(anonymous_7)
FNDA:6,(anonymous_8)
FNDA:0,(anonymous_9)
FNDA:0,(anonymous_10)
FNDA:0,(anonymous_11)
FNDA:0,(anonymous_12)
FNDA:0,(anonymous_13)
DA:10,3
DA:11,32
DA:19,3
DA:20,2
DA:23,3
DA:33,3
DA:34,72
DA:42,3
DA:43,0
DA:52,0
DA:62,3
DA:63,4
DA:64,0
DA:67,4
DA:70,3
DA:71,4
DA:73,4
DA:74,4
DA:75,57
DA:76,57
DA:77,55
DA:80,57
DA:83,4
DA:86,3
DA:87,2
DA:88,2
DA:89,10
DA:90,6
DA:91,4
DA:96,2
DA:99,3
DA:119,3
DA:123,3
DA:124,6
DA:133,6
DA:134,6
DA:135,6
DA:138,6
DA:139,48
DA:141,6
DA:142,72
DA:145,6
DA:146,72
DA:147,72
DA:149,72
DA:150,192
DA:152,192
DA:154,192
DA:155,192
DA:159,6
DA:166,3
DA:167,0
DA:169,0
DA:170,0
DA:173,0
DA:179,3
DA:180,0
DA:182,0
DA:185,3
DA:187,0
DA:196,0
DA:198,0
LF:62
LH:50
BRDA:11,0,0,32
BRDA:11,0,1,26
BRDA:11,0,2,20
BRDA:11,0,3,16
BRDA:20,1,0,0
BRDA:20,1,1,2
BRDA:63,2,0,0
BRDA:63,2,1,4
BRDA:76,3,0,55
BRDA:76,3,1,2
BRDA:89,4,0,6
BRDA:89,4,1,4
BRDA:89,5,0,10
BRDA:89,5,1,10
BRDA:123,6,0,6
BRDA:167,7,0,0
BRDA:167,7,1,0
BRDA:169,8,0,0
BRDA:169,8,1,0
BRF:19
BRH:13
end_of_record
TN:
SF:src/lib/games/chess/pieces/bishop.ts
FN:9,(anonymous_0)
FN:25,(anonymous_1)
FN:34,(anonymous_2)
FNF:3
FNH:1
FNDA:43,(anonymous_0)
FNDA:0,(anonymous_1)
FNDA:0,(anonymous_2)
DA:10,43
DA:11,43
DA:17,43
DA:26,0
DA:35,0
LF:5
LH:3
BRF:0
BRH:0
end_of_record
TN:
SF:src/lib/games/chess/pieces/index.ts
FNF:0
FNH:0
LF:0
LH:0
BRF:0
BRH:0
end_of_record
TN:
SF:src/lib/games/chess/pieces/king.ts
FN:22,(anonymous_0)
FN:34,(anonymous_1)
FN:53,(anonymous_2)
FN:70,(anonymous_3)
FN:108,(anonymous_4)
FN:122,(anonymous_5)
FN:129,(anonymous_6)
FNF:7
FNH:6
FNDA:48,(anonymous_0)
FNDA:4,(anonymous_1)
FNDA:2,(anonymous_2)
FNDA:16,(anonymous_3)
FNDA:2,(anonymous_4)
FNDA:2,(anonymous_5)
FNDA:0,(anonymous_6)
DA:23,48
DA:24,48
DA:25,48
DA:35,4
DA:57,2
DA:58,0
DA:61,2
DA:62,2
DA:63,2
DA:65,2
DA:66,2
DA:67,2
DA:68,2
DA:70,2
DA:72,16
DA:73,10
DA:76,6
DA:78,6
DA:82,2
DA:83,2
DA:86,2
DA:89,0
DA:92,2
DA:95,2
DA:98,0
DA:101,2
DA:109,2
DA:110,2
DA:111,2
DA:114,2
DA:116,2
DA:123,2
DA:130,0
LF:33
LH:29
BRDA:24,0,0,48
BRDA:24,0,1,48
BRDA:57,1,0,0
BRDA:57,1,1,2
BRDA:72,2,0,10
BRDA:72,2,1,6
BRDA:78,3,0,6
BRDA:78,3,1,0
BRDA:78,3,2,6
BRDA:86,4,0,0
BRDA:86,4,1,2
BRDA:86,5,0,2
BRDA:86,5,1,0
BRDA:86,5,2,0
BRDA:86,5,3,0
BRDA:86,5,4,0
BRDA:86,5,5,0
BRDA:86,5,6,0
BRDA:86,5,7,0
BRDA:86,5,8,0
BRDA:86,5,9,0
BRDA:95,6,0,0
BRDA:95,6,1,2
BRDA:95,7,0,2
BRDA:95,7,1,0
BRDA:95,7,2,0
BRDA:95,7,3,0
BRDA:95,7,4,0
BRDA:95,7,5,0
BRDA:95,7,6,0
BRDA:95,7,7,0
BRDA:95,7,8,0
BRF:32
BRH:11
end_of_record
TN:
SF:src/lib/games/chess/pieces/knight.ts
FN:8,(anonymous_0)
FN:19,(anonymous_1)
FN:33,(anonymous_2)
FN:45,(anonymous_3)
FN:62,(anonymous_4)
FNF:5
FNH:1
FNDA:27,(anonymous_0)
FNDA:0,(anonymous_1)
FNDA:0,(anonymous_2)
FNDA:0,(anonymous_3)
FNDA:0,(anonymous_4)
DA:9,27
DA:10,27
DA:20,0
DA:35,0
DA:36,0
DA:39,0
DA:40,0
DA:41,0
DA:42,0
DA:45,0
DA:47,0
DA:48,0
DA:51,0
DA:52,0
DA:55,0
DA:63,0
DA:64,0
DA:65,0
DA:67,0
DA:69,0
LF:20
LH:2
BRDA:35,0,0,0
BRDA:35,0,1,0
BRDA:47,1,0,0
BRDA:47,1,1,0
BRDA:52,2,0,0
BRDA:52,2,1,0
BRF:6
BRH:0
end_of_record
TN:
SF:src/lib/games/chess/pieces/pawn.ts
FN:9,(anonymous_0)
FN:18,(anonymous_1)
FN:25,(anonymous_2)
FN:34,(anonymous_3)
FN:158,(anonymous_4)
FNF:5
FNH:1
FNDA:98,(anonymous_0)
FNDA:0,(anonymous_1)
FNDA:0,(anonymous_2)
FNDA:0,(anonymous_3)
FNDA:0,(anonymous_4)
DA:10,98
DA:11,98
DA:12,98
DA:19,0
DA:26,0
DA:35,0
DA:36,0
DA:37,0
DA:38,0
DA:39,0
DA:40,0
DA:41,0
DA:44,0
DA:45,0
DA:46,0
DA:49,0
DA:50,0
DA:53,0
DA:56,0
DA:60,0
DA:61,0
DA:64,0
DA:70,0
DA:71,0
DA:72,0
DA:76,0
DA:77,0
DA:78,0
DA:84,0
DA:85,0
DA:86,0
DA:88,0
DA:89,0
DA:90,0
DA:94,0
DA:95,0
DA:96,0
DA:97,0
DA:98,0
DA:101,0
DA:102,0
DA:103,0
DA:104,0
DA:112,0
DA:113,0
DA:117,0
DA:118,0
DA:119,0
DA:125,0
DA:126,0
DA:127,0
DA:129,0
DA:130,0
DA:131,0
DA:135,0
DA:136,0
DA:137,0
DA:138,0
DA:139,0
DA:142,0
DA:143,0
DA:144,0
DA:145,0
DA:151,0
DA:159,0
DA:160,0
DA:161,0
DA:162,0
DA:166,0
DA:168,0
LF:70
LH:3
BRDA:45,0,0,0
BRDA:45,0,1,0
BRDA:49,1,0,0
BRDA:49,1,1,0
BRDA:50,2,0,0
BRDA:50,2,1,0
BRDA:60,3,0,0
BRDA:60,3,1,0
BRDA:70,4,0,0
BRDA:70,4,1,0
BRDA:71,5,0,0
BRDA:71,5,1,0
BRDA:71,6,0,0
BRDA:71,6,1,0
BRDA:71,6,2,0
BRDA:76,7,0,0
BRDA:76,7,1,0
BRDA:77,8,0,0
BRDA:77,8,1,0
BRDA:85,9,0,0
BRDA:85,9,1,0
BRDA:85,10,0,0
BRDA:85,10,1,0
BRDA:85,10,2,0
BRDA:85,10,3,0
BRDA:85,10,4,0
BRDA:89,11,0,0
BRDA:89,11,1,0
BRDA:89,12,0,0
BRDA:89,12,1,0
BRDA:89,12,2,0
BRDA:89,12,3,0
BRDA:89,12,4,0
BRDA:94,13,0,0
BRDA:94,13,1,0
BRDA:95,14,0,0
BRDA:95,14,1,0
BRDA:97,15,0,0
BRDA:97,15,1,0
BRDA:97,16,0,0
BRDA:97,16,1,0
BRDA:97,16,2,0
BRDA:97,16,3,0
BRDA:101,17,0,0
BRDA:101,17,1,0
BRDA:103,18,0,0
BRDA:103,18,1,0
BRDA:103,19,0,0
BRDA:103,19,1,0
BRDA:103,19,2,0
BRDA:103,19,3,0
BRDA:112,20,0,0
BRDA:112,20,1,0
BRDA:112,21,0,0
BRDA:112,21,1,0
BRDA:112,21,2,0
BRDA:117,22,0,0
BRDA:117,22,1,0
BRDA:118,23,0,0
BRDA:118,23,1,0
BRDA:126,24,0,0
BRDA:126,24,1,0
BRDA:126,25,0,0
BRDA:126,25,1,0
BRDA:126,25,2,0
BRDA:126,25,3,0
BRDA:126,25,4,0
BRDA:130,26,0,0
BRDA:130,26,1,0
BRDA:130,27,0,0
BRDA:130,27,1,0
BRDA:130,27,2,0
BRDA:130,27,3,0
BRDA:130,27,4,0
BRDA:135,28,0,0
BRDA:135,28,1,0
BRDA:136,29,0,0
BRDA:136,29,1,0
BRDA:138,30,0,0
BRDA:138,30,1,0
BRDA:138,31,0,0
BRDA:138,31,1,0
BRDA:138,31,2,0
BRDA:138,31,3,0
BRDA:142,32,0,0
BRDA:142,32,1,0
BRDA:144,33,0,0
BRDA:144,33,1,0
BRDA:144,34,0,0
BRDA:144,34,1,0
BRDA:144,34,2,0
BRDA:144,34,3,0
BRDA:162,35,0,0
BRDA:162,35,1,0
BRF:94
BRH:0
end_of_record
TN:
SF:src/lib/games/chess/pieces/piece.ts
FN:19,(anonymous_0)
FN:32,(anonymous_1)
FN:40,(anonymous_2)
FN:50,(anonymous_3)
FN:58,(anonymous_4)
FN:69,(anonymous_5)
FN:77,(anonymous_6)
FN:87,(anonymous_7)
FN:95,(anonymous_8)
FN:103,(anonymous_9)
FN:111,(anonymous_10)
FN:119,(anonymous_11)
FN:135,(anonymous_12)
FN:178,(anonymous_13)
FNF:14
FNH:5
FNDA:257,(anonymous_0)
FNDA:37,(anonymous_1)
FNDA:0,(anonymous_2)
FNDA:34,(anonymous_3)
FNDA:0,(anonymous_4)
FNDA:34,(anonymous_5)
FNDA:0,(anonymous_6)
FNDA:0,(anonymous_7)
FNDA:0,(anonymous_8)
FNDA:0,(anonymous_9)
FNDA:0,(anonymous_10)
FNDA:32,(anonymous_11)
FNDA:0,(anonymous_12)
FNDA:0,(anonymous_13)
DA:20,257
DA:21,257
DA:22,257
DA:23,257
DA:24,257
DA:25,257
DA:33,37
DA:41,0
DA:42,0
DA:51,34
DA:59,0
DA:60,0
DA:70,34
DA:78,0
DA:79,0
DA:88,0
DA:96,0
DA:104,0
DA:112,0
DA:120,32
DA:136,0
DA:137,0
DA:138,0
DA:139,0
DA:140,0
DA:142,0
DA:143,0
DA:144,0
DA:146,0
DA:152,0
DA:153,0
DA:154,0
DA:155,0
DA:156,0
DA:157,0
DA:158,0
DA:159,0
DA:160,0
DA:163,0
DA:167,0
DA:168,0
DA:171,0
DA:179,0
DA:180,0
DA:181,0
DA:185,0
DA:186,0
DA:187,0
DA:188,0
DA:191,0
DA:192,0
DA:193,0
DA:194,0
DA:195,0
DA:196,0
DA:197,0
DA:198,0
DA:201,0
DA:209,0
DA:210,0
DA:211,0
DA:212,0
DA:213,0
DA:214,0
DA:215,0
DA:218,0
LF:66
LH:10
BRDA:41,0,0,0
BRDA:41,0,1,0
BRDA:41,1,0,0
BRDA:41,1,1,0
BRDA:59,2,0,0
BRDA:59,2,1,0
BRDA:59,3,0,0
BRDA:59,3,1,0
BRDA:78,4,0,0
BRDA:78,4,1,0
BRDA:78,5,0,0
BRDA:78,5,1,0
BRDA:139,6,0,0
BRDA:139,6,1,0
BRDA:143,7,0,0
BRDA:143,7,1,0
BRDA:154,8,0,0
BRDA:154,8,1,0
BRDA:154,8,2,0
BRDA:154,8,3,0
BRDA:158,9,0,0
BRDA:158,9,1,0
BRDA:159,10,0,0
BRDA:159,10,1,0
BRDA:159,11,0,0
BRDA:159,11,1,0
BRDA:180,12,0,0
BRDA:180,12,1,0
BRDA:187,13,0,0
BRDA:187,13,1,0
BRDA:188,14,0,0
BRDA:188,14,1,0
BRDA:191,15,0,0
BRDA:191,15,1,0
BRDA:192,16,0,0
BRDA:192,16,1,0
BRDA:192,16,2,0
BRDA:192,16,3,0
BRDA:196,17,0,0
BRDA:196,17,1,0
BRDA:197,18,0,0
BRDA:197,18,1,0
BRDA:197,19,0,0
BRDA:197,19,1,0
BRDA:197,19,2,0
BRDA:209,20,0,0
BRDA:209,20,1,0
BRDA:209,20,2,0
BRDA:209,20,3,0
BRDA:213,21,0,0
BRDA:213,21,1,0
BRDA:214,22,0,0
BRDA:214,22,1,0
BRDA:214,23,0,0
BRDA:214,23,1,0
BRDA:214,23,2,0
BRF:56
BRH:0
end_of_record
TN:
SF:src/lib/games/chess/pieces/queen.ts
FN:9,(anonymous_0)
FN:29,(anonymous_1)
FN:38,(anonymous_2)
FNF:3
FNH:2
FNDA:16,(anonymous_0)
FNDA:0,(anonymous_1)
FNDA:5,(anonymous_2)
DA:10,16
DA:11,16
DA:21,16
DA:30,0
DA:39,5
LF:5
LH:4
BRF:0
BRH:0
end_of_record
TN:
SF:src/lib/games/chess/pieces/rangedPiece.ts
FN:5,(anonymous_0)
FN:20,(anonymous_1)
FN:60,(anonymous_2)
FN:84,(anonymous_3)
FNF:4
FNH:3
FNDA:84,(anonymous_0)
FNDA:0,(anonymous_1)
FNDA:40,(anonymous_2)
FNDA:5,(anonymous_3)
DA:6,84
DA:21,0
DA:23,0
DA:24,0
DA:26,0
DA:28,0
DA:29,0
DA:30,0
DA:33,0
DA:36,0
DA:37,0
DA:38,0
DA:40,0
DA:41,0
DA:43,0
DA:47,0
DA:61,40
DA:62,40
DA:63,113
DA:64,113
DA:65,113
DA:66,113
DA:67,2
DA:68,2
DA:70,2
DA:72,111
DA:75,40
DA:85,5
DA:87,5
DA:88,5
DA:90,5
DA:91,40
DA:94,5
LF:33
LH:18
BRDA:28,0,0,0
BRDA:28,0,1,0
BRDA:41,1,0,0
BRDA:41,1,1,0
BRDA:41,2,0,0
BRDA:41,2,1,0
BRDA:41,2,2,0
BRDA:41,2,3,0
BRDA:62,3,0,151
BRDA:62,3,1,146
BRDA:62,3,2,131
BRDA:62,3,3,121
BRDA:66,4,0,2
BRDA:66,4,1,111
BRDA:67,5,0,2
BRDA:67,5,1,0
BRDA:67,6,0,2
BRDA:67,6,1,0
BRF:18
BRH:8
end_of_record
TN:
SF:src/lib/games/chess/pieces/rook.ts
FN:10,(anonymous_0)
FN:25,(anonymous_1)
FN:32,(anonymous_2)
FN:41,(anonymous_3)
FN:50,(anonymous_4)
FNF:5
FNH:1
FNDA:25,(anonymous_0)
FNDA:0,(anonymous_1)
FNDA:0,(anonymous_2)
FNDA:0,(anonymous_3)
FNDA:0,(anonymous_4)
DA:11,25
DA:12,25
DA:18,25
DA:19,25
DA:26,0
DA:33,0
DA:42,0
DA:51,0
LF:8
LH:4
BRDA:18,0,0,25
BRDA:18,0,1,25
BRF:2
BRH:2
end_of_record
